[0.006s] Invoking command in '/home/drcl/Desktop/drcl/4ws_robot_ros2/build/four_ws_control': AMENT_PREFIX_PATH=/home/drcl/Desktop/drcl/4ws_robot_ros2/install/dynamixel_hardware:${AMENT_PREFIX_PATH} CMAKE_PREFIX_PATH=/home/drcl/Desktop/drcl/4ws_robot_ros2/install/dynamixel_hardware:/opt/ros/humble FZF_DEFAULT_OPTS=
    --color fg:-1,bg:-1,hl:196,fg+:254,bg+:239,hl+:040
    --color info:226,prompt:226,pointer:196,marker:254,spinner:226
    --preview 'file {}'
    --preview-window down:1 LD_LIBRARY_PATH=/home/drcl/Desktop/drcl/4ws_robot_ros2/install/dynamixel_hardware/lib:${LD_LIBRARY_PATH} /usr/bin/cmake /home/drcl/Desktop/drcl/4ws_robot_ros2/src/4ws_control -DCMAKE_INSTALL_PREFIX=/home/drcl/Desktop/drcl/4ws_robot_ros2/install/four_ws_control
[0.040s] -- The C compiler identification is GNU 11.4.0
[0.076s] -- The CXX compiler identification is GNU 11.4.0
[0.081s] -- Detecting C compiler ABI info
[0.125s] -- Detecting C compiler ABI info - done
[0.130s] -- Check for working C compiler: /usr/bin/cc - skipped
[0.130s] -- Detecting C compile features
[0.130s] -- Detecting C compile features - done
[0.132s] -- Detecting CXX compiler ABI info
[0.184s] -- Detecting CXX compiler ABI info - done
[0.188s] -- Check for working CXX compiler: /usr/bin/c++ - skipped
[0.188s] -- Detecting CXX compile features
[0.189s] -- Detecting CXX compile features - done
[0.190s] -- Found ament_cmake: 1.3.5 (/opt/ros/humble/share/ament_cmake/cmake)
[0.301s] -- Found Python3: /usr/bin/python3.10 (found version "3.10.12") found components: Interpreter 
[0.356s] -- Found robot_state_publisher: 3.0.2 (/opt/ros/humble/share/robot_state_publisher/cmake)
[0.377s] -- Found rosidl_generator_c: 3.1.5 (/opt/ros/humble/share/rosidl_generator_c/cmake)
[0.380s] -- Found rosidl_adapter: 3.1.5 (/opt/ros/humble/share/rosidl_adapter/cmake)
[0.384s] -- Found rosidl_generator_cpp: 3.1.5 (/opt/ros/humble/share/rosidl_generator_cpp/cmake)
[0.392s] -- Using all available rosidl_typesupport_c: rosidl_typesupport_fastrtps_c;rosidl_typesupport_introspection_c
[0.404s] -- Using all available rosidl_typesupport_cpp: rosidl_typesupport_fastrtps_cpp;rosidl_typesupport_introspection_cpp
[0.501s] -- Found eigen3_cmake_module: 0.1.1 (/opt/ros/humble/share/eigen3_cmake_module/cmake)
[0.503s] -- Found Eigen3: TRUE (found version "3.4.0") 
[0.503s] -- Ensuring Eigen3 include directory is part of orocos-kdl CMake target
[0.542s] -- Found rmw_implementation_cmake: 6.1.1 (/opt/ros/humble/share/rmw_implementation_cmake/cmake)
[0.543s] -- Found rmw_fastrtps_cpp: 6.2.3 (/opt/ros/humble/share/rmw_fastrtps_cpp/cmake)
[0.604s] -- Found OpenSSL: /usr/lib/x86_64-linux-gnu/libcrypto.so (found version "3.0.2")  
[0.622s] -- Found FastRTPS: /opt/ros/humble/include  
[0.654s] -- Using RMW implementation 'rmw_fastrtps_cpp' as default
[0.659s] -- Looking for pthread.h
[0.706s] -- Looking for pthread.h - found
[0.706s] -- Performing Test CMAKE_HAVE_LIBC_PTHREAD
[0.755s] -- Performing Test CMAKE_HAVE_LIBC_PTHREAD - Success
[0.756s] -- Found Threads: TRUE  
[1.146s] -- Found xacro: 2.0.8 (/opt/ros/humble/share/xacro/cmake)
[1.147s] -- Found rviz2: 11.2.6 (/opt/ros/humble/share/rviz2/cmake)
[1.148s] -- Found ros2_control: 2.29.0 (/opt/ros/humble/share/ros2_control/cmake)
[1.149s] -- Found ros2_controllers: 2.23.0 (/opt/ros/humble/share/ros2_controllers/cmake)
[1.149s] -- Found dynamixel_hardware: 0.0.0 (/home/drcl/Desktop/drcl/4ws_robot_ros2/install/dynamixel_hardware/share/dynamixel_hardware/cmake)
[1.419s] -- Found ament_lint_auto: 0.12.7 (/opt/ros/humble/share/ament_lint_auto/cmake)
[1.467s] -- Added test 'copyright' to check source files copyright and LICENSE
[1.468s] -- Added test 'flake8' to check Python code syntax and style conventions
[1.469s] -- Added test 'lint_cmake' to check CMake code style
[1.469s] -- Added test 'pep257' to check Python code against some of the docstring style conventions in PEP 257
[1.469s] -- Added test 'xmllint' to check XML markup files
[1.470s] -- Configuring done
[1.473s] -- Generating done
[1.474s] -- Build files have been written to: /home/drcl/Desktop/drcl/4ws_robot_ros2/build/four_ws_control
[1.481s] Invoked command in '/home/drcl/Desktop/drcl/4ws_robot_ros2/build/four_ws_control' returned '0': AMENT_PREFIX_PATH=/home/drcl/Desktop/drcl/4ws_robot_ros2/install/dynamixel_hardware:${AMENT_PREFIX_PATH} CMAKE_PREFIX_PATH=/home/drcl/Desktop/drcl/4ws_robot_ros2/install/dynamixel_hardware:/opt/ros/humble FZF_DEFAULT_OPTS=
    --color fg:-1,bg:-1,hl:196,fg+:254,bg+:239,hl+:040
    --color info:226,prompt:226,pointer:196,marker:254,spinner:226
    --preview 'file {}'
    --preview-window down:1 LD_LIBRARY_PATH=/home/drcl/Desktop/drcl/4ws_robot_ros2/install/dynamixel_hardware/lib:${LD_LIBRARY_PATH} /usr/bin/cmake /home/drcl/Desktop/drcl/4ws_robot_ros2/src/4ws_control -DCMAKE_INSTALL_PREFIX=/home/drcl/Desktop/drcl/4ws_robot_ros2/install/four_ws_control
[1.482s] Invoking command in '/home/drcl/Desktop/drcl/4ws_robot_ros2/build/four_ws_control': AMENT_PREFIX_PATH=/home/drcl/Desktop/drcl/4ws_robot_ros2/install/dynamixel_hardware:${AMENT_PREFIX_PATH} CMAKE_PREFIX_PATH=/home/drcl/Desktop/drcl/4ws_robot_ros2/install/dynamixel_hardware:/opt/ros/humble FZF_DEFAULT_OPTS=
    --color fg:-1,bg:-1,hl:196,fg+:254,bg+:239,hl+:040
    --color info:226,prompt:226,pointer:196,marker:254,spinner:226
    --preview 'file {}'
    --preview-window down:1 LD_LIBRARY_PATH=/home/drcl/Desktop/drcl/4ws_robot_ros2/install/dynamixel_hardware/lib:${LD_LIBRARY_PATH} /usr/bin/cmake --build /home/drcl/Desktop/drcl/4ws_robot_ros2/build/four_ws_control -- -j16 -l16
[1.509s] Invoked command in '/home/drcl/Desktop/drcl/4ws_robot_ros2/build/four_ws_control' returned '0': AMENT_PREFIX_PATH=/home/drcl/Desktop/drcl/4ws_robot_ros2/install/dynamixel_hardware:${AMENT_PREFIX_PATH} CMAKE_PREFIX_PATH=/home/drcl/Desktop/drcl/4ws_robot_ros2/install/dynamixel_hardware:/opt/ros/humble FZF_DEFAULT_OPTS=
    --color fg:-1,bg:-1,hl:196,fg+:254,bg+:239,hl+:040
    --color info:226,prompt:226,pointer:196,marker:254,spinner:226
    --preview 'file {}'
    --preview-window down:1 LD_LIBRARY_PATH=/home/drcl/Desktop/drcl/4ws_robot_ros2/install/dynamixel_hardware/lib:${LD_LIBRARY_PATH} /usr/bin/cmake --build /home/drcl/Desktop/drcl/4ws_robot_ros2/build/four_ws_control -- -j16 -l16
[1.524s] Invoking command in '/home/drcl/Desktop/drcl/4ws_robot_ros2/build/four_ws_control': AMENT_PREFIX_PATH=/home/drcl/Desktop/drcl/4ws_robot_ros2/install/dynamixel_hardware:${AMENT_PREFIX_PATH} CMAKE_PREFIX_PATH=/home/drcl/Desktop/drcl/4ws_robot_ros2/install/dynamixel_hardware:/opt/ros/humble FZF_DEFAULT_OPTS=
    --color fg:-1,bg:-1,hl:196,fg+:254,bg+:239,hl+:040
    --color info:226,prompt:226,pointer:196,marker:254,spinner:226
    --preview 'file {}'
    --preview-window down:1 LD_LIBRARY_PATH=/home/drcl/Desktop/drcl/4ws_robot_ros2/install/dynamixel_hardware/lib:${LD_LIBRARY_PATH} /usr/bin/cmake --install /home/drcl/Desktop/drcl/4ws_robot_ros2/build/four_ws_control
[1.528s] -- Install configuration: ""
[1.528s] -- Installing: /home/drcl/Desktop/drcl/4ws_robot_ros2/install/four_ws_control/share/four_ws_control//scripts
[1.529s] -- Installing: /home/drcl/Desktop/drcl/4ws_robot_ros2/install/four_ws_control/share/four_ws_control//scripts/four_ws_control.py
[1.529s] -- Installing: /home/drcl/Desktop/drcl/4ws_robot_ros2/install/four_ws_control/share/four_ws_control//scripts/joystic_test.py
[1.529s] -- Installing: /home/drcl/Desktop/drcl/4ws_robot_ros2/install/four_ws_control/share/four_ws_control//launch
[1.529s] -- Installing: /home/drcl/Desktop/drcl/4ws_robot_ros2/install/four_ws_control/share/four_ws_control//launch/four_ws_control.launch.py
[1.529s] -- Installing: /home/drcl/Desktop/drcl/4ws_robot_ros2/install/four_ws_control/lib/four_ws_control/four_ws_control.py
[1.529s] -- Installing: /home/drcl/Desktop/drcl/4ws_robot_ros2/install/four_ws_control/lib/four_ws_control/four_ws_control.launch.py
[1.529s] -- Installing: /home/drcl/Desktop/drcl/4ws_robot_ros2/install/four_ws_control/share/ament_index/resource_index/package_run_dependencies/four_ws_control
[1.529s] -- Installing: /home/drcl/Desktop/drcl/4ws_robot_ros2/install/four_ws_control/share/ament_index/resource_index/parent_prefix_path/four_ws_control
[1.529s] -- Installing: /home/drcl/Desktop/drcl/4ws_robot_ros2/install/four_ws_control/share/four_ws_control/environment/ament_prefix_path.sh
[1.529s] -- Installing: /home/drcl/Desktop/drcl/4ws_robot_ros2/install/four_ws_control/share/four_ws_control/environment/ament_prefix_path.dsv
[1.529s] -- Installing: /home/drcl/Desktop/drcl/4ws_robot_ros2/install/four_ws_control/share/four_ws_control/environment/path.sh
[1.529s] -- Installing: /home/drcl/Desktop/drcl/4ws_robot_ros2/install/four_ws_control/share/four_ws_control/environment/path.dsv
[1.529s] -- Installing: /home/drcl/Desktop/drcl/4ws_robot_ros2/install/four_ws_control/share/four_ws_control/local_setup.bash
[1.530s] -- Installing: /home/drcl/Desktop/drcl/4ws_robot_ros2/install/four_ws_control/share/four_ws_control/local_setup.sh
[1.530s] -- Installing: /home/drcl/Desktop/drcl/4ws_robot_ros2/install/four_ws_control/share/four_ws_control/local_setup.zsh
[1.530s] -- Installing: /home/drcl/Desktop/drcl/4ws_robot_ros2/install/four_ws_control/share/four_ws_control/local_setup.dsv
[1.530s] -- Installing: /home/drcl/Desktop/drcl/4ws_robot_ros2/install/four_ws_control/share/four_ws_control/package.dsv
[1.530s] -- Installing: /home/drcl/Desktop/drcl/4ws_robot_ros2/install/four_ws_control/share/ament_index/resource_index/packages/four_ws_control
[1.530s] -- Installing: /home/drcl/Desktop/drcl/4ws_robot_ros2/install/four_ws_control/share/four_ws_control/cmake/four_ws_controlConfig.cmake
[1.530s] -- Installing: /home/drcl/Desktop/drcl/4ws_robot_ros2/install/four_ws_control/share/four_ws_control/cmake/four_ws_controlConfig-version.cmake
[1.530s] -- Installing: /home/drcl/Desktop/drcl/4ws_robot_ros2/install/four_ws_control/share/four_ws_control/package.xml
[1.533s] Invoked command in '/home/drcl/Desktop/drcl/4ws_robot_ros2/build/four_ws_control' returned '0': AMENT_PREFIX_PATH=/home/drcl/Desktop/drcl/4ws_robot_ros2/install/dynamixel_hardware:${AMENT_PREFIX_PATH} CMAKE_PREFIX_PATH=/home/drcl/Desktop/drcl/4ws_robot_ros2/install/dynamixel_hardware:/opt/ros/humble FZF_DEFAULT_OPTS=
    --color fg:-1,bg:-1,hl:196,fg+:254,bg+:239,hl+:040
    --color info:226,prompt:226,pointer:196,marker:254,spinner:226
    --preview 'file {}'
    --preview-window down:1 LD_LIBRARY_PATH=/home/drcl/Desktop/drcl/4ws_robot_ros2/install/dynamixel_hardware/lib:${LD_LIBRARY_PATH} /usr/bin/cmake --install /home/drcl/Desktop/drcl/4ws_robot_ros2/build/four_ws_control
