[0.011s] Invoking command in '/home/drcl/Desktop/drcl/4ws_robot_ros2/build/four_ws_description': CMAKE_PREFIX_PATH=/opt/ros/humble FZF_DEFAULT_OPTS=
    --color fg:-1,bg:-1,hl:196,fg+:254,bg+:239,hl+:040
    --color info:226,prompt:226,pointer:196,marker:254,spinner:226
    --preview 'file {}'
    --preview-window down:1 /usr/bin/cmake /home/drcl/Desktop/drcl/4ws_robot_ros2/src/four_ws_description -DCMAKE_INSTALL_PREFIX=/home/drcl/Desktop/drcl/4ws_robot_ros2/install/four_ws_description
[0.076s] -- The C compiler identification is GNU 11.4.0
[0.130s] -- The CXX compiler identification is GNU 11.4.0
[0.137s] -- Detecting C compiler ABI info
[0.181s] -- Detecting C compiler ABI info - done
[0.185s] -- Check for working C compiler: /usr/bin/cc - skipped
[0.185s] -- Detecting C compile features
[0.186s] -- Detecting C compile features - done
[0.188s] -- Detecting CXX compiler ABI info
[0.238s] -- Detecting CXX compiler ABI info - done
[0.243s] -- Check for working CXX compiler: /usr/bin/c++ - skipped
[0.243s] -- Detecting CXX compile features
[0.243s] -- Detecting CXX compile features - done
[0.246s] -- Found ament_cmake: 1.3.5 (/opt/ros/humble/share/ament_cmake/cmake)
[0.356s] -- Found Python3: /usr/bin/python3.10 (found version "3.10.12") found components: Interpreter 
[0.460s] -- Configuring done
[0.461s] -- Generating done
[0.462s] -- Build files have been written to: /home/drcl/Desktop/drcl/4ws_robot_ros2/build/four_ws_description
[0.464s] Invoked command in '/home/drcl/Desktop/drcl/4ws_robot_ros2/build/four_ws_description' returned '0': CMAKE_PREFIX_PATH=/opt/ros/humble FZF_DEFAULT_OPTS=
    --color fg:-1,bg:-1,hl:196,fg+:254,bg+:239,hl+:040
    --color info:226,prompt:226,pointer:196,marker:254,spinner:226
    --preview 'file {}'
    --preview-window down:1 /usr/bin/cmake /home/drcl/Desktop/drcl/4ws_robot_ros2/src/four_ws_description -DCMAKE_INSTALL_PREFIX=/home/drcl/Desktop/drcl/4ws_robot_ros2/install/four_ws_description
[0.466s] Invoking command in '/home/drcl/Desktop/drcl/4ws_robot_ros2/build/four_ws_description': CMAKE_PREFIX_PATH=/opt/ros/humble FZF_DEFAULT_OPTS=
    --color fg:-1,bg:-1,hl:196,fg+:254,bg+:239,hl+:040
    --color info:226,prompt:226,pointer:196,marker:254,spinner:226
    --preview 'file {}'
    --preview-window down:1 /usr/bin/cmake --build /home/drcl/Desktop/drcl/4ws_robot_ros2/build/four_ws_description -- -j16 -l16
[0.490s] Invoked command in '/home/drcl/Desktop/drcl/4ws_robot_ros2/build/four_ws_description' returned '0': CMAKE_PREFIX_PATH=/opt/ros/humble FZF_DEFAULT_OPTS=
    --color fg:-1,bg:-1,hl:196,fg+:254,bg+:239,hl+:040
    --color info:226,prompt:226,pointer:196,marker:254,spinner:226
    --preview 'file {}'
    --preview-window down:1 /usr/bin/cmake --build /home/drcl/Desktop/drcl/4ws_robot_ros2/build/four_ws_description -- -j16 -l16
[0.510s] Invoking command in '/home/drcl/Desktop/drcl/4ws_robot_ros2/build/four_ws_description': CMAKE_PREFIX_PATH=/opt/ros/humble FZF_DEFAULT_OPTS=
    --color fg:-1,bg:-1,hl:196,fg+:254,bg+:239,hl+:040
    --color info:226,prompt:226,pointer:196,marker:254,spinner:226
    --preview 'file {}'
    --preview-window down:1 /usr/bin/cmake --install /home/drcl/Desktop/drcl/4ws_robot_ros2/build/four_ws_description
[0.514s] -- Install configuration: ""
[0.514s] -- Installing: /home/drcl/Desktop/drcl/4ws_robot_ros2/install/four_ws_description/share/four_ws_description/config
[0.514s] -- Installing: /home/drcl/Desktop/drcl/4ws_robot_ros2/install/four_ws_description/share/four_ws_description/config/controllers.yaml
[0.515s] -- Installing: /home/drcl/Desktop/drcl/4ws_robot_ros2/install/four_ws_description/share/four_ws_description/rviz
[0.515s] -- Installing: /home/drcl/Desktop/drcl/4ws_robot_ros2/install/four_ws_description/share/four_ws_description/rviz/rosbot.rviz
[0.515s] -- Installing: /home/drcl/Desktop/drcl/4ws_robot_ros2/install/four_ws_description/share/four_ws_description/gazebo
[0.515s] -- Installing: /home/drcl/Desktop/drcl/4ws_robot_ros2/install/four_ws_description/share/four_ws_description/gazebo/rosbot.materials.xacro
[0.515s] -- Installing: /home/drcl/Desktop/drcl/4ws_robot_ros2/install/four_ws_description/share/four_ws_description/gazebo/rosbot.gazebo.xacro
[0.515s] -- Installing: /home/drcl/Desktop/drcl/4ws_robot_ros2/install/four_ws_description/share/four_ws_description/ros2_control
[0.515s] -- Installing: /home/drcl/Desktop/drcl/4ws_robot_ros2/install/four_ws_description/share/four_ws_description/ros2_control/four_ws.ros2_control.xacro
[0.515s] -- Installing: /home/drcl/Desktop/drcl/4ws_robot_ros2/install/four_ws_description/share/four_ws_description/ros2_control/four_ws.ros2_control_gazebo.xacro
[0.516s] -- Installing: /home/drcl/Desktop/drcl/4ws_robot_ros2/install/four_ws_description/share/four_ws_description/urdf
[0.516s] -- Installing: /home/drcl/Desktop/drcl/4ws_robot_ros2/install/four_ws_description/share/four_ws_description/urdf/four_ws.urdf.xacro
[0.516s] -- Installing: /home/drcl/Desktop/drcl/4ws_robot_ros2/install/four_ws_description/share/four_ws_description/urdf/four_ws.urdf
[0.516s] -- Installing: /home/drcl/Desktop/drcl/4ws_robot_ros2/install/four_ws_description/share/four_ws_description/worlds
[0.516s] -- Installing: /home/drcl/Desktop/drcl/4ws_robot_ros2/install/four_ws_description/share/four_ws_description/worlds/4ws_world.model
[0.516s] -- Installing: /home/drcl/Desktop/drcl/4ws_robot_ros2/install/four_ws_description/share/four_ws_description/map
[0.516s] -- Installing: /home/drcl/Desktop/drcl/4ws_robot_ros2/install/four_ws_description/share/four_ws_description/map/office.data
[0.523s] -- Installing: /home/drcl/Desktop/drcl/4ws_robot_ros2/install/four_ws_description/share/four_ws_description/map/office.pgm
[0.523s] -- Installing: /home/drcl/Desktop/drcl/4ws_robot_ros2/install/four_ws_description/share/four_ws_description/map/office.yaml
[0.523s] -- Installing: /home/drcl/Desktop/drcl/4ws_robot_ros2/install/four_ws_description/share/four_ws_description/map/office.posegraph
[0.545s] -- Installing: /home/drcl/Desktop/drcl/4ws_robot_ros2/install/four_ws_description/share/ament_index/resource_index/package_run_dependencies/four_ws_description
[0.545s] -- Installing: /home/drcl/Desktop/drcl/4ws_robot_ros2/install/four_ws_description/share/ament_index/resource_index/parent_prefix_path/four_ws_description
[0.546s] -- Installing: /home/drcl/Desktop/drcl/4ws_robot_ros2/install/four_ws_description/share/four_ws_description/environment/ament_prefix_path.sh
[0.546s] -- Installing: /home/drcl/Desktop/drcl/4ws_robot_ros2/install/four_ws_description/share/four_ws_description/environment/ament_prefix_path.dsv
[0.546s] -- Installing: /home/drcl/Desktop/drcl/4ws_robot_ros2/install/four_ws_description/share/four_ws_description/environment/path.sh
[0.546s] -- Installing: /home/drcl/Desktop/drcl/4ws_robot_ros2/install/four_ws_description/share/four_ws_description/environment/path.dsv
[0.546s] -- Installing: /home/drcl/Desktop/drcl/4ws_robot_ros2/install/four_ws_description/share/four_ws_description/local_setup.bash
[0.546s] -- Installing: /home/drcl/Desktop/drcl/4ws_robot_ros2/install/four_ws_description/share/four_ws_description/local_setup.sh
[0.546s] -- Installing: /home/drcl/Desktop/drcl/4ws_robot_ros2/install/four_ws_description/share/four_ws_description/local_setup.zsh
[0.546s] -- Installing: /home/drcl/Desktop/drcl/4ws_robot_ros2/install/four_ws_description/share/four_ws_description/local_setup.dsv
[0.546s] -- Installing: /home/drcl/Desktop/drcl/4ws_robot_ros2/install/four_ws_description/share/four_ws_description/package.dsv
[0.546s] -- Installing: /home/drcl/Desktop/drcl/4ws_robot_ros2/install/four_ws_description/share/ament_index/resource_index/packages/four_ws_description
[0.546s] -- Installing: /home/drcl/Desktop/drcl/4ws_robot_ros2/install/four_ws_description/share/four_ws_description/cmake/four_ws_descriptionConfig.cmake
[0.546s] -- Installing: /home/drcl/Desktop/drcl/4ws_robot_ros2/install/four_ws_description/share/four_ws_description/cmake/four_ws_descriptionConfig-version.cmake
[0.546s] -- Installing: /home/drcl/Desktop/drcl/4ws_robot_ros2/install/four_ws_description/share/four_ws_description/package.xml
[0.548s] Invoked command in '/home/drcl/Desktop/drcl/4ws_robot_ros2/build/four_ws_description' returned '0': CMAKE_PREFIX_PATH=/opt/ros/humble FZF_DEFAULT_OPTS=
    --color fg:-1,bg:-1,hl:196,fg+:254,bg+:239,hl+:040
    --color info:226,prompt:226,pointer:196,marker:254,spinner:226
    --preview 'file {}'
    --preview-window down:1 /usr/bin/cmake --install /home/drcl/Desktop/drcl/4ws_robot_ros2/build/four_ws_description
