[0.310s] DEBUG:colcon:Command line arguments: ['/usr/bin/colcon', 'build']
[0.310s] DEBUG:colcon:Parsed command line arguments: Namespace(log_base=None, log_level=None, verb_name='build', build_base='build', install_base='install', merge_install=False, symlink_install=False, test_result_base=None, continue_on_error=False, executor='parallel', parallel_workers=16, event_handlers=None, ignore_user_meta=False, metas=['./colcon.meta'], base_paths=['.'], packages_ignore=None, packages_ignore_regex=None, paths=None, packages_up_to=None, packages_up_to_regex=None, packages_above=None, packages_above_and_dependencies=None, packages_above_depth=None, packages_select_by_dep=None, packages_skip_by_dep=None, packages_skip_up_to=None, packages_select_build_failed=False, packages_skip_build_finished=False, packages_select_test_failures=False, packages_skip_test_passed=False, packages_select=None, packages_skip=None, packages_select_regex=None, packages_skip_regex=None, packages_start=None, packages_end=None, allow_overriding=[], cmake_args=None, cmake_target=None, cmake_target_skip_unavailable=False, cmake_clean_cache=False, cmake_clean_first=False, cmake_force_configure=False, ament_cmake_args=None, catkin_cmake_args=None, catkin_skip_building_tests=False, verb_parser=<colcon_defaults.argument_parser.defaults.DefaultArgumentsDecorator object at 0x7f84d914ea40>, verb_extension=<colcon_core.verb.build.BuildVerb object at 0x7f84d91c9840>, main=<bound method BuildVerb.main of <colcon_core.verb.build.BuildVerb object at 0x7f84d91c9840>>)
[0.334s] Level 1:colcon.colcon_core.package_discovery:discover_packages(colcon_meta) check parameters
[0.334s] Level 1:colcon.colcon_core.package_discovery:discover_packages(recursive) check parameters
[0.334s] Level 1:colcon.colcon_core.package_discovery:discover_packages(ignore) check parameters
[0.334s] Level 1:colcon.colcon_core.package_discovery:discover_packages(path) check parameters
[0.334s] Level 1:colcon.colcon_core.package_discovery:discover_packages(colcon_meta) discover
[0.334s] Level 1:colcon.colcon_core.package_discovery:discover_packages(recursive) discover
[0.334s] INFO:colcon.colcon_core.package_discovery:Crawling recursively for packages in '/home/drcl/Desktop/drcl/4ws_robot_ros2'
[0.334s] Level 1:colcon.colcon_core.package_identification:_identify(.) by extensions ['ignore', 'ignore_ament_install']
[0.334s] Level 1:colcon.colcon_core.package_identification:_identify(.) by extension 'ignore'
[0.334s] Level 1:colcon.colcon_core.package_identification:_identify(.) by extension 'ignore_ament_install'
[0.334s] Level 1:colcon.colcon_core.package_identification:_identify(.) by extensions ['colcon_pkg']
[0.334s] Level 1:colcon.colcon_core.package_identification:_identify(.) by extension 'colcon_pkg'
[0.334s] Level 1:colcon.colcon_core.package_identification:_identify(.) by extensions ['colcon_meta']
[0.334s] Level 1:colcon.colcon_core.package_identification:_identify(.) by extension 'colcon_meta'
[0.334s] Level 1:colcon.colcon_core.package_identification:_identify(.) by extensions ['ros']
[0.334s] Level 1:colcon.colcon_core.package_identification:_identify(.) by extension 'ros'
[0.343s] Level 1:colcon.colcon_core.package_identification:_identify(.) by extensions ['cmake', 'python']
[0.343s] Level 1:colcon.colcon_core.package_identification:_identify(.) by extension 'cmake'
[0.343s] Level 1:colcon.colcon_core.package_identification:_identify(.) by extension 'python'
[0.343s] Level 1:colcon.colcon_core.package_identification:_identify(.) by extensions ['python_setup_py']
[0.343s] Level 1:colcon.colcon_core.package_identification:_identify(.) by extension 'python_setup_py'
[0.343s] Level 1:colcon.colcon_core.package_identification:_identify(build) by extensions ['ignore', 'ignore_ament_install']
[0.343s] Level 1:colcon.colcon_core.package_identification:_identify(build) by extension 'ignore'
[0.343s] Level 1:colcon.colcon_core.package_identification:_identify(build) ignored
[0.343s] Level 1:colcon.colcon_core.package_identification:_identify(install) by extensions ['ignore', 'ignore_ament_install']
[0.343s] Level 1:colcon.colcon_core.package_identification:_identify(install) by extension 'ignore'
[0.343s] Level 1:colcon.colcon_core.package_identification:_identify(install) ignored
[0.343s] Level 1:colcon.colcon_core.package_identification:_identify(log) by extensions ['ignore', 'ignore_ament_install']
[0.343s] Level 1:colcon.colcon_core.package_identification:_identify(log) by extension 'ignore'
[0.343s] Level 1:colcon.colcon_core.package_identification:_identify(log) ignored
[0.344s] Level 1:colcon.colcon_core.package_identification:_identify(src) by extensions ['ignore', 'ignore_ament_install']
[0.344s] Level 1:colcon.colcon_core.package_identification:_identify(src) by extension 'ignore'
[0.344s] Level 1:colcon.colcon_core.package_identification:_identify(src) by extension 'ignore_ament_install'
[0.344s] Level 1:colcon.colcon_core.package_identification:_identify(src) by extensions ['colcon_pkg']
[0.344s] Level 1:colcon.colcon_core.package_identification:_identify(src) by extension 'colcon_pkg'
[0.344s] Level 1:colcon.colcon_core.package_identification:_identify(src) by extensions ['colcon_meta']
[0.344s] Level 1:colcon.colcon_core.package_identification:_identify(src) by extension 'colcon_meta'
[0.344s] Level 1:colcon.colcon_core.package_identification:_identify(src) by extensions ['ros']
[0.344s] Level 1:colcon.colcon_core.package_identification:_identify(src) by extension 'ros'
[0.344s] Level 1:colcon.colcon_core.package_identification:_identify(src) by extensions ['cmake', 'python']
[0.344s] Level 1:colcon.colcon_core.package_identification:_identify(src) by extension 'cmake'
[0.344s] Level 1:colcon.colcon_core.package_identification:_identify(src) by extension 'python'
[0.344s] Level 1:colcon.colcon_core.package_identification:_identify(src) by extensions ['python_setup_py']
[0.344s] Level 1:colcon.colcon_core.package_identification:_identify(src) by extension 'python_setup_py'
[0.344s] Level 1:colcon.colcon_core.package_identification:_identify(src/4ws_control) by extensions ['ignore', 'ignore_ament_install']
[0.344s] Level 1:colcon.colcon_core.package_identification:_identify(src/4ws_control) by extension 'ignore'
[0.344s] Level 1:colcon.colcon_core.package_identification:_identify(src/4ws_control) by extension 'ignore_ament_install'
[0.344s] Level 1:colcon.colcon_core.package_identification:_identify(src/4ws_control) by extensions ['colcon_pkg']
[0.344s] Level 1:colcon.colcon_core.package_identification:_identify(src/4ws_control) by extension 'colcon_pkg'
[0.344s] Level 1:colcon.colcon_core.package_identification:_identify(src/4ws_control) by extensions ['colcon_meta']
[0.344s] Level 1:colcon.colcon_core.package_identification:_identify(src/4ws_control) by extension 'colcon_meta'
[0.344s] Level 1:colcon.colcon_core.package_identification:_identify(src/4ws_control) by extensions ['ros']
[0.344s] Level 1:colcon.colcon_core.package_identification:_identify(src/4ws_control) by extension 'ros'
[0.347s] DEBUG:colcon.colcon_core.package_identification:Package 'src/4ws_control' with type 'ros.ament_cmake' and name 'four_ws_control'
[0.347s] Level 1:colcon.colcon_core.package_identification:_identify(src/dynamixel_hwi) by extensions ['ignore', 'ignore_ament_install']
[0.347s] Level 1:colcon.colcon_core.package_identification:_identify(src/dynamixel_hwi) by extension 'ignore'
[0.347s] Level 1:colcon.colcon_core.package_identification:_identify(src/dynamixel_hwi) by extension 'ignore_ament_install'
[0.347s] Level 1:colcon.colcon_core.package_identification:_identify(src/dynamixel_hwi) by extensions ['colcon_pkg']
[0.347s] Level 1:colcon.colcon_core.package_identification:_identify(src/dynamixel_hwi) by extension 'colcon_pkg'
[0.347s] Level 1:colcon.colcon_core.package_identification:_identify(src/dynamixel_hwi) by extensions ['colcon_meta']
[0.347s] Level 1:colcon.colcon_core.package_identification:_identify(src/dynamixel_hwi) by extension 'colcon_meta'
[0.347s] Level 1:colcon.colcon_core.package_identification:_identify(src/dynamixel_hwi) by extensions ['ros']
[0.347s] Level 1:colcon.colcon_core.package_identification:_identify(src/dynamixel_hwi) by extension 'ros'
[0.347s] DEBUG:colcon.colcon_core.package_identification:Package 'src/dynamixel_hwi' with type 'ros.ament_cmake' and name 'dynamixel_hardware'
[0.347s] Level 1:colcon.colcon_core.package_identification:_identify(src/four_ws_description) by extensions ['ignore', 'ignore_ament_install']
[0.348s] Level 1:colcon.colcon_core.package_identification:_identify(src/four_ws_description) by extension 'ignore'
[0.348s] Level 1:colcon.colcon_core.package_identification:_identify(src/four_ws_description) by extension 'ignore_ament_install'
[0.348s] Level 1:colcon.colcon_core.package_identification:_identify(src/four_ws_description) by extensions ['colcon_pkg']
[0.348s] Level 1:colcon.colcon_core.package_identification:_identify(src/four_ws_description) by extension 'colcon_pkg'
[0.348s] Level 1:colcon.colcon_core.package_identification:_identify(src/four_ws_description) by extensions ['colcon_meta']
[0.348s] Level 1:colcon.colcon_core.package_identification:_identify(src/four_ws_description) by extension 'colcon_meta'
[0.348s] Level 1:colcon.colcon_core.package_identification:_identify(src/four_ws_description) by extensions ['ros']
[0.348s] Level 1:colcon.colcon_core.package_identification:_identify(src/four_ws_description) by extension 'ros'
[0.348s] DEBUG:colcon.colcon_core.package_identification:Package 'src/four_ws_description' with type 'ros.ament_cmake' and name 'four_ws_description'
[0.348s] Level 1:colcon.colcon_core.package_identification:_identify(src/gazebo_simulation) by extensions ['ignore', 'ignore_ament_install']
[0.348s] Level 1:colcon.colcon_core.package_identification:_identify(src/gazebo_simulation) by extension 'ignore'
[0.348s] Level 1:colcon.colcon_core.package_identification:_identify(src/gazebo_simulation) by extension 'ignore_ament_install'
[0.348s] Level 1:colcon.colcon_core.package_identification:_identify(src/gazebo_simulation) by extensions ['colcon_pkg']
[0.348s] Level 1:colcon.colcon_core.package_identification:_identify(src/gazebo_simulation) by extension 'colcon_pkg'
[0.348s] Level 1:colcon.colcon_core.package_identification:_identify(src/gazebo_simulation) by extensions ['colcon_meta']
[0.348s] Level 1:colcon.colcon_core.package_identification:_identify(src/gazebo_simulation) by extension 'colcon_meta'
[0.348s] Level 1:colcon.colcon_core.package_identification:_identify(src/gazebo_simulation) by extensions ['ros']
[0.348s] Level 1:colcon.colcon_core.package_identification:_identify(src/gazebo_simulation) by extension 'ros'
[0.348s] Level 1:colcon.colcon_core.package_identification:_identify(src/gazebo_simulation) by extensions ['cmake', 'python']
[0.348s] Level 1:colcon.colcon_core.package_identification:_identify(src/gazebo_simulation) by extension 'cmake'
[0.348s] Level 1:colcon.colcon_core.package_identification:_identify(src/gazebo_simulation) by extension 'python'
[0.348s] Level 1:colcon.colcon_core.package_identification:_identify(src/gazebo_simulation) by extensions ['python_setup_py']
[0.348s] Level 1:colcon.colcon_core.package_identification:_identify(src/gazebo_simulation) by extension 'python_setup_py'
[0.348s] Level 1:colcon.colcon_core.package_identification:_identify(src/gazebo_simulation/launch) by extensions ['ignore', 'ignore_ament_install']
[0.349s] Level 1:colcon.colcon_core.package_identification:_identify(src/gazebo_simulation/launch) by extension 'ignore'
[0.349s] Level 1:colcon.colcon_core.package_identification:_identify(src/gazebo_simulation/launch) by extension 'ignore_ament_install'
[0.349s] Level 1:colcon.colcon_core.package_identification:_identify(src/gazebo_simulation/launch) by extensions ['colcon_pkg']
[0.349s] Level 1:colcon.colcon_core.package_identification:_identify(src/gazebo_simulation/launch) by extension 'colcon_pkg'
[0.349s] Level 1:colcon.colcon_core.package_identification:_identify(src/gazebo_simulation/launch) by extensions ['colcon_meta']
[0.349s] Level 1:colcon.colcon_core.package_identification:_identify(src/gazebo_simulation/launch) by extension 'colcon_meta'
[0.349s] Level 1:colcon.colcon_core.package_identification:_identify(src/gazebo_simulation/launch) by extensions ['ros']
[0.349s] Level 1:colcon.colcon_core.package_identification:_identify(src/gazebo_simulation/launch) by extension 'ros'
[0.349s] Level 1:colcon.colcon_core.package_identification:_identify(src/gazebo_simulation/launch) by extensions ['cmake', 'python']
[0.349s] Level 1:colcon.colcon_core.package_identification:_identify(src/gazebo_simulation/launch) by extension 'cmake'
[0.349s] Level 1:colcon.colcon_core.package_identification:_identify(src/gazebo_simulation/launch) by extension 'python'
[0.349s] Level 1:colcon.colcon_core.package_identification:_identify(src/gazebo_simulation/launch) by extensions ['python_setup_py']
[0.349s] Level 1:colcon.colcon_core.package_identification:_identify(src/gazebo_simulation/launch) by extension 'python_setup_py'
[0.349s] Level 1:colcon.colcon_core.package_identification:_identify(src/teleop_twist_joy) by extensions ['ignore', 'ignore_ament_install']
[0.349s] Level 1:colcon.colcon_core.package_identification:_identify(src/teleop_twist_joy) by extension 'ignore'
[0.349s] Level 1:colcon.colcon_core.package_identification:_identify(src/teleop_twist_joy) by extension 'ignore_ament_install'
[0.349s] Level 1:colcon.colcon_core.package_identification:_identify(src/teleop_twist_joy) by extensions ['colcon_pkg']
[0.349s] Level 1:colcon.colcon_core.package_identification:_identify(src/teleop_twist_joy) by extension 'colcon_pkg'
[0.349s] Level 1:colcon.colcon_core.package_identification:_identify(src/teleop_twist_joy) by extensions ['colcon_meta']
[0.349s] Level 1:colcon.colcon_core.package_identification:_identify(src/teleop_twist_joy) by extension 'colcon_meta'
[0.349s] Level 1:colcon.colcon_core.package_identification:_identify(src/teleop_twist_joy) by extensions ['ros']
[0.349s] Level 1:colcon.colcon_core.package_identification:_identify(src/teleop_twist_joy) by extension 'ros'
[0.350s] DEBUG:colcon.colcon_core.package_identification:Package 'src/teleop_twist_joy' with type 'ros.ament_cmake' and name 'teleop_twist_joy'
[0.350s] Level 1:colcon.colcon_core.package_discovery:discover_packages(recursive) using defaults
[0.350s] Level 1:colcon.colcon_core.package_discovery:discover_packages(ignore) discover
[0.350s] Level 1:colcon.colcon_core.package_discovery:discover_packages(ignore) using defaults
[0.350s] Level 1:colcon.colcon_core.package_discovery:discover_packages(path) discover
[0.350s] Level 1:colcon.colcon_core.package_discovery:discover_packages(path) using defaults
[0.368s] Level 1:colcon.colcon_core.package_discovery:discover_packages(prefix_path) check parameters
[0.369s] Level 1:colcon.colcon_core.package_discovery:discover_packages(prefix_path) discover
[0.371s] DEBUG:colcon.colcon_installed_package_information.package_discovery:Found 316 installed packages in /opt/ros/humble
[0.373s] Level 1:colcon.colcon_core.package_discovery:discover_packages(prefix_path) using defaults
[0.408s] WARNING:colcon.colcon_core.package_selection:Some selected packages are already built in one or more underlay workspaces:
	'teleop_twist_joy' is in: /opt/ros/humble
If a package in a merged underlay workspace is overridden and it installs headers, then all packages in the overlay must sort their include directories by workspace order. Failure to do so may result in build failures or undefined behavior at run time.
If the overridden package is used by another package in any underlay, then the overriding package in the overlay must be API and ABI compatible or undefined behavior at run time may occur.

If you understand the risks and want to override a package anyways, add the following to the command line:
	--allow-overriding teleop_twist_joy

This may be promoted to an error in a future release of colcon-override-check.
[0.409s] Level 5:colcon.colcon_core.verb:set package 'dynamixel_hardware' build argument 'cmake_args' from command line to 'None'
[0.409s] Level 5:colcon.colcon_core.verb:set package 'dynamixel_hardware' build argument 'cmake_target' from command line to 'None'
[0.409s] Level 5:colcon.colcon_core.verb:set package 'dynamixel_hardware' build argument 'cmake_target_skip_unavailable' from command line to 'False'
[0.409s] Level 5:colcon.colcon_core.verb:set package 'dynamixel_hardware' build argument 'cmake_clean_cache' from command line to 'False'
[0.409s] Level 5:colcon.colcon_core.verb:set package 'dynamixel_hardware' build argument 'cmake_clean_first' from command line to 'False'
[0.409s] Level 5:colcon.colcon_core.verb:set package 'dynamixel_hardware' build argument 'cmake_force_configure' from command line to 'False'
[0.409s] Level 5:colcon.colcon_core.verb:set package 'dynamixel_hardware' build argument 'ament_cmake_args' from command line to 'None'
[0.409s] Level 5:colcon.colcon_core.verb:set package 'dynamixel_hardware' build argument 'catkin_cmake_args' from command line to 'None'
[0.409s] Level 5:colcon.colcon_core.verb:set package 'dynamixel_hardware' build argument 'catkin_skip_building_tests' from command line to 'False'
[0.410s] DEBUG:colcon.colcon_core.verb:Building package 'dynamixel_hardware' with the following arguments: {'ament_cmake_args': None, 'build_base': '/home/drcl/Desktop/drcl/4ws_robot_ros2/build/dynamixel_hardware', 'catkin_cmake_args': None, 'catkin_skip_building_tests': False, 'cmake_args': None, 'cmake_clean_cache': False, 'cmake_clean_first': False, 'cmake_force_configure': False, 'cmake_target': None, 'cmake_target_skip_unavailable': False, 'install_base': '/home/drcl/Desktop/drcl/4ws_robot_ros2/install/dynamixel_hardware', 'merge_install': False, 'path': '/home/drcl/Desktop/drcl/4ws_robot_ros2/src/dynamixel_hwi', 'symlink_install': False, 'test_result_base': None}
[0.410s] Level 5:colcon.colcon_core.verb:set package 'four_ws_description' build argument 'cmake_args' from command line to 'None'
[0.410s] Level 5:colcon.colcon_core.verb:set package 'four_ws_description' build argument 'cmake_target' from command line to 'None'
[0.410s] Level 5:colcon.colcon_core.verb:set package 'four_ws_description' build argument 'cmake_target_skip_unavailable' from command line to 'False'
[0.410s] Level 5:colcon.colcon_core.verb:set package 'four_ws_description' build argument 'cmake_clean_cache' from command line to 'False'
[0.410s] Level 5:colcon.colcon_core.verb:set package 'four_ws_description' build argument 'cmake_clean_first' from command line to 'False'
[0.410s] Level 5:colcon.colcon_core.verb:set package 'four_ws_description' build argument 'cmake_force_configure' from command line to 'False'
[0.410s] Level 5:colcon.colcon_core.verb:set package 'four_ws_description' build argument 'ament_cmake_args' from command line to 'None'
[0.410s] Level 5:colcon.colcon_core.verb:set package 'four_ws_description' build argument 'catkin_cmake_args' from command line to 'None'
[0.410s] Level 5:colcon.colcon_core.verb:set package 'four_ws_description' build argument 'catkin_skip_building_tests' from command line to 'False'
[0.410s] DEBUG:colcon.colcon_core.verb:Building package 'four_ws_description' with the following arguments: {'ament_cmake_args': None, 'build_base': '/home/drcl/Desktop/drcl/4ws_robot_ros2/build/four_ws_description', 'catkin_cmake_args': None, 'catkin_skip_building_tests': False, 'cmake_args': None, 'cmake_clean_cache': False, 'cmake_clean_first': False, 'cmake_force_configure': False, 'cmake_target': None, 'cmake_target_skip_unavailable': False, 'install_base': '/home/drcl/Desktop/drcl/4ws_robot_ros2/install/four_ws_description', 'merge_install': False, 'path': '/home/drcl/Desktop/drcl/4ws_robot_ros2/src/four_ws_description', 'symlink_install': False, 'test_result_base': None}
[0.411s] Level 5:colcon.colcon_core.verb:set package 'teleop_twist_joy' build argument 'cmake_args' from command line to 'None'
[0.411s] Level 5:colcon.colcon_core.verb:set package 'teleop_twist_joy' build argument 'cmake_target' from command line to 'None'
[0.411s] Level 5:colcon.colcon_core.verb:set package 'teleop_twist_joy' build argument 'cmake_target_skip_unavailable' from command line to 'False'
[0.411s] Level 5:colcon.colcon_core.verb:set package 'teleop_twist_joy' build argument 'cmake_clean_cache' from command line to 'False'
[0.411s] Level 5:colcon.colcon_core.verb:set package 'teleop_twist_joy' build argument 'cmake_clean_first' from command line to 'False'
[0.411s] Level 5:colcon.colcon_core.verb:set package 'teleop_twist_joy' build argument 'cmake_force_configure' from command line to 'False'
[0.411s] Level 5:colcon.colcon_core.verb:set package 'teleop_twist_joy' build argument 'ament_cmake_args' from command line to 'None'
[0.411s] Level 5:colcon.colcon_core.verb:set package 'teleop_twist_joy' build argument 'catkin_cmake_args' from command line to 'None'
[0.411s] Level 5:colcon.colcon_core.verb:set package 'teleop_twist_joy' build argument 'catkin_skip_building_tests' from command line to 'False'
[0.411s] DEBUG:colcon.colcon_core.verb:Building package 'teleop_twist_joy' with the following arguments: {'ament_cmake_args': None, 'build_base': '/home/drcl/Desktop/drcl/4ws_robot_ros2/build/teleop_twist_joy', 'catkin_cmake_args': None, 'catkin_skip_building_tests': False, 'cmake_args': None, 'cmake_clean_cache': False, 'cmake_clean_first': False, 'cmake_force_configure': False, 'cmake_target': None, 'cmake_target_skip_unavailable': False, 'install_base': '/home/drcl/Desktop/drcl/4ws_robot_ros2/install/teleop_twist_joy', 'merge_install': False, 'path': '/home/drcl/Desktop/drcl/4ws_robot_ros2/src/teleop_twist_joy', 'symlink_install': False, 'test_result_base': None}
[0.411s] Level 5:colcon.colcon_core.verb:set package 'four_ws_control' build argument 'cmake_args' from command line to 'None'
[0.411s] Level 5:colcon.colcon_core.verb:set package 'four_ws_control' build argument 'cmake_target' from command line to 'None'
[0.411s] Level 5:colcon.colcon_core.verb:set package 'four_ws_control' build argument 'cmake_target_skip_unavailable' from command line to 'False'
[0.411s] Level 5:colcon.colcon_core.verb:set package 'four_ws_control' build argument 'cmake_clean_cache' from command line to 'False'
[0.411s] Level 5:colcon.colcon_core.verb:set package 'four_ws_control' build argument 'cmake_clean_first' from command line to 'False'
[0.411s] Level 5:colcon.colcon_core.verb:set package 'four_ws_control' build argument 'cmake_force_configure' from command line to 'False'
[0.411s] Level 5:colcon.colcon_core.verb:set package 'four_ws_control' build argument 'ament_cmake_args' from command line to 'None'
[0.411s] Level 5:colcon.colcon_core.verb:set package 'four_ws_control' build argument 'catkin_cmake_args' from command line to 'None'
[0.411s] Level 5:colcon.colcon_core.verb:set package 'four_ws_control' build argument 'catkin_skip_building_tests' from command line to 'False'
[0.412s] DEBUG:colcon.colcon_core.verb:Building package 'four_ws_control' with the following arguments: {'ament_cmake_args': None, 'build_base': '/home/drcl/Desktop/drcl/4ws_robot_ros2/build/four_ws_control', 'catkin_cmake_args': None, 'catkin_skip_building_tests': False, 'cmake_args': None, 'cmake_clean_cache': False, 'cmake_clean_first': False, 'cmake_force_configure': False, 'cmake_target': None, 'cmake_target_skip_unavailable': False, 'install_base': '/home/drcl/Desktop/drcl/4ws_robot_ros2/install/four_ws_control', 'merge_install': False, 'path': '/home/drcl/Desktop/drcl/4ws_robot_ros2/src/4ws_control', 'symlink_install': False, 'test_result_base': None}
[0.412s] INFO:colcon.colcon_core.executor:Executing jobs using 'parallel' executor
[0.414s] DEBUG:colcon.colcon_parallel_executor.executor.parallel:run_until_complete
[0.414s] INFO:colcon.colcon_ros.task.ament_cmake.build:Building ROS package in '/home/drcl/Desktop/drcl/4ws_robot_ros2/src/dynamixel_hwi' with build type 'ament_cmake'
[0.414s] INFO:colcon.colcon_cmake.task.cmake.build:Building CMake package in '/home/drcl/Desktop/drcl/4ws_robot_ros2/src/dynamixel_hwi'
[0.420s] INFO:colcon.colcon_core.plugin_system:Skipping extension 'colcon_core.shell.bat': Not used on non-Windows systems
[0.420s] INFO:colcon.colcon_core.shell:Skip shell extension 'powershell' for command environment: Not usable outside of PowerShell
[0.420s] DEBUG:colcon.colcon_core.shell:Skip shell extension 'dsv' for command environment
[0.423s] INFO:colcon.colcon_ros.task.ament_cmake.build:Building ROS package in '/home/drcl/Desktop/drcl/4ws_robot_ros2/src/four_ws_description' with build type 'ament_cmake'
[0.423s] INFO:colcon.colcon_cmake.task.cmake.build:Building CMake package in '/home/drcl/Desktop/drcl/4ws_robot_ros2/src/four_ws_description'
[0.424s] INFO:colcon.colcon_core.shell:Skip shell extension 'powershell' for command environment: Not usable outside of PowerShell
[0.424s] DEBUG:colcon.colcon_core.shell:Skip shell extension 'dsv' for command environment
[0.426s] INFO:colcon.colcon_ros.task.ament_cmake.build:Building ROS package in '/home/drcl/Desktop/drcl/4ws_robot_ros2/src/teleop_twist_joy' with build type 'ament_cmake'
[0.426s] INFO:colcon.colcon_cmake.task.cmake.build:Building CMake package in '/home/drcl/Desktop/drcl/4ws_robot_ros2/src/teleop_twist_joy'
[0.427s] INFO:colcon.colcon_core.shell:Skip shell extension 'powershell' for command environment: Not usable outside of PowerShell
[0.427s] DEBUG:colcon.colcon_core.shell:Skip shell extension 'dsv' for command environment
[0.432s] DEBUG:colcon.colcon_core.event_handler.log_command:Invoking command in '/home/drcl/Desktop/drcl/4ws_robot_ros2/build/dynamixel_hardware': CMAKE_PREFIX_PATH=/opt/ros/humble FZF_DEFAULT_OPTS=
    --color fg:-1,bg:-1,hl:196,fg+:254,bg+:239,hl+:040
    --color info:226,prompt:226,pointer:196,marker:254,spinner:226
    --preview 'file {}'
    --preview-window down:1 /usr/bin/cmake /home/drcl/Desktop/drcl/4ws_robot_ros2/src/dynamixel_hwi -DCMAKE_INSTALL_PREFIX=/home/drcl/Desktop/drcl/4ws_robot_ros2/install/dynamixel_hardware
[0.434s] DEBUG:colcon.colcon_core.event_handler.log_command:Invoking command in '/home/drcl/Desktop/drcl/4ws_robot_ros2/build/four_ws_description': CMAKE_PREFIX_PATH=/opt/ros/humble FZF_DEFAULT_OPTS=
    --color fg:-1,bg:-1,hl:196,fg+:254,bg+:239,hl+:040
    --color info:226,prompt:226,pointer:196,marker:254,spinner:226
    --preview 'file {}'
    --preview-window down:1 /usr/bin/cmake /home/drcl/Desktop/drcl/4ws_robot_ros2/src/four_ws_description -DCMAKE_INSTALL_PREFIX=/home/drcl/Desktop/drcl/4ws_robot_ros2/install/four_ws_description
[0.436s] DEBUG:colcon.colcon_core.event_handler.log_command:Invoking command in '/home/drcl/Desktop/drcl/4ws_robot_ros2/build/teleop_twist_joy': CMAKE_PREFIX_PATH=/opt/ros/humble FZF_DEFAULT_OPTS=
    --color fg:-1,bg:-1,hl:196,fg+:254,bg+:239,hl+:040
    --color info:226,prompt:226,pointer:196,marker:254,spinner:226
    --preview 'file {}'
    --preview-window down:1 /usr/bin/cmake /home/drcl/Desktop/drcl/4ws_robot_ros2/src/teleop_twist_joy -DCMAKE_INSTALL_PREFIX=/home/drcl/Desktop/drcl/4ws_robot_ros2/install/teleop_twist_joy
[0.887s] DEBUG:colcon.colcon_core.event_handler.log_command:Invoked command in '/home/drcl/Desktop/drcl/4ws_robot_ros2/build/four_ws_description' returned '0': CMAKE_PREFIX_PATH=/opt/ros/humble FZF_DEFAULT_OPTS=
    --color fg:-1,bg:-1,hl:196,fg+:254,bg+:239,hl+:040
    --color info:226,prompt:226,pointer:196,marker:254,spinner:226
    --preview 'file {}'
    --preview-window down:1 /usr/bin/cmake /home/drcl/Desktop/drcl/4ws_robot_ros2/src/four_ws_description -DCMAKE_INSTALL_PREFIX=/home/drcl/Desktop/drcl/4ws_robot_ros2/install/four_ws_description
[0.889s] DEBUG:colcon.colcon_core.event_handler.log_command:Invoking command in '/home/drcl/Desktop/drcl/4ws_robot_ros2/build/four_ws_description': CMAKE_PREFIX_PATH=/opt/ros/humble FZF_DEFAULT_OPTS=
    --color fg:-1,bg:-1,hl:196,fg+:254,bg+:239,hl+:040
    --color info:226,prompt:226,pointer:196,marker:254,spinner:226
    --preview 'file {}'
    --preview-window down:1 /usr/bin/cmake --build /home/drcl/Desktop/drcl/4ws_robot_ros2/build/four_ws_description -- -j16 -l16
[0.913s] DEBUG:colcon.colcon_core.event_handler.log_command:Invoked command in '/home/drcl/Desktop/drcl/4ws_robot_ros2/build/four_ws_description' returned '0': CMAKE_PREFIX_PATH=/opt/ros/humble FZF_DEFAULT_OPTS=
    --color fg:-1,bg:-1,hl:196,fg+:254,bg+:239,hl+:040
    --color info:226,prompt:226,pointer:196,marker:254,spinner:226
    --preview 'file {}'
    --preview-window down:1 /usr/bin/cmake --build /home/drcl/Desktop/drcl/4ws_robot_ros2/build/four_ws_description -- -j16 -l16
[0.933s] DEBUG:colcon.colcon_core.event_handler.log_command:Invoking command in '/home/drcl/Desktop/drcl/4ws_robot_ros2/build/four_ws_description': CMAKE_PREFIX_PATH=/opt/ros/humble FZF_DEFAULT_OPTS=
    --color fg:-1,bg:-1,hl:196,fg+:254,bg+:239,hl+:040
    --color info:226,prompt:226,pointer:196,marker:254,spinner:226
    --preview 'file {}'
    --preview-window down:1 /usr/bin/cmake --install /home/drcl/Desktop/drcl/4ws_robot_ros2/build/four_ws_description
[0.970s] Level 1:colcon.colcon_core.environment:create_environment_scripts_only(four_ws_description)
[0.971s] DEBUG:colcon.colcon_core.event_handler.log_command:Invoked command in '/home/drcl/Desktop/drcl/4ws_robot_ros2/build/four_ws_description' returned '0': CMAKE_PREFIX_PATH=/opt/ros/humble FZF_DEFAULT_OPTS=
    --color fg:-1,bg:-1,hl:196,fg+:254,bg+:239,hl+:040
    --color info:226,prompt:226,pointer:196,marker:254,spinner:226
    --preview 'file {}'
    --preview-window down:1 /usr/bin/cmake --install /home/drcl/Desktop/drcl/4ws_robot_ros2/build/four_ws_description
[0.976s] Level 1:colcon.colcon_core.environment:checking '/home/drcl/Desktop/drcl/4ws_robot_ros2/install/four_ws_description' for CMake module files
[0.976s] Level 1:colcon.colcon_core.environment:checking '/home/drcl/Desktop/drcl/4ws_robot_ros2/install/four_ws_description' for CMake config files
[0.976s] Level 1:colcon.colcon_core.shell:create_environment_hook('four_ws_description', 'cmake_prefix_path')
[0.977s] INFO:colcon.colcon_core.shell:Creating environment hook '/home/drcl/Desktop/drcl/4ws_robot_ros2/install/four_ws_description/share/four_ws_description/hook/cmake_prefix_path.ps1'
[0.977s] INFO:colcon.colcon_core.shell:Creating environment descriptor '/home/drcl/Desktop/drcl/4ws_robot_ros2/install/four_ws_description/share/four_ws_description/hook/cmake_prefix_path.dsv'
[0.978s] INFO:colcon.colcon_core.shell:Creating environment hook '/home/drcl/Desktop/drcl/4ws_robot_ros2/install/four_ws_description/share/four_ws_description/hook/cmake_prefix_path.sh'
[0.978s] Level 1:colcon.colcon_core.environment:checking '/home/drcl/Desktop/drcl/4ws_robot_ros2/install/four_ws_description/bin'
[0.978s] Level 1:colcon.colcon_core.environment:checking '/home/drcl/Desktop/drcl/4ws_robot_ros2/install/four_ws_description/lib/pkgconfig/four_ws_description.pc'
[0.979s] Level 1:colcon.colcon_core.environment:checking '/home/drcl/Desktop/drcl/4ws_robot_ros2/install/four_ws_description/lib/python3.10/site-packages'
[0.979s] Level 1:colcon.colcon_core.environment:checking '/home/drcl/Desktop/drcl/4ws_robot_ros2/install/four_ws_description/bin'
[0.980s] INFO:colcon.colcon_core.shell:Creating package script '/home/drcl/Desktop/drcl/4ws_robot_ros2/install/four_ws_description/share/four_ws_description/package.ps1'
[0.980s] INFO:colcon.colcon_core.shell:Creating package descriptor '/home/drcl/Desktop/drcl/4ws_robot_ros2/install/four_ws_description/share/four_ws_description/package.dsv'
[0.981s] INFO:colcon.colcon_core.shell:Creating package script '/home/drcl/Desktop/drcl/4ws_robot_ros2/install/four_ws_description/share/four_ws_description/package.sh'
[0.981s] INFO:colcon.colcon_core.shell:Creating package script '/home/drcl/Desktop/drcl/4ws_robot_ros2/install/four_ws_description/share/four_ws_description/package.bash'
[0.982s] INFO:colcon.colcon_core.shell:Creating package script '/home/drcl/Desktop/drcl/4ws_robot_ros2/install/four_ws_description/share/four_ws_description/package.zsh'
[0.982s] Level 1:colcon.colcon_core.environment:create_file_with_runtime_dependencies(/home/drcl/Desktop/drcl/4ws_robot_ros2/install/four_ws_description/share/colcon-core/packages/four_ws_description)
[0.997s] Level 1:colcon.colcon_core.environment:create_environment_scripts_only(four_ws_description)
[0.998s] Level 1:colcon.colcon_core.environment:checking '/home/drcl/Desktop/drcl/4ws_robot_ros2/install/four_ws_description' for CMake module files
[0.998s] Level 1:colcon.colcon_core.environment:checking '/home/drcl/Desktop/drcl/4ws_robot_ros2/install/four_ws_description' for CMake config files
[0.998s] Level 1:colcon.colcon_core.shell:create_environment_hook('four_ws_description', 'cmake_prefix_path')
[0.999s] INFO:colcon.colcon_core.shell:Creating environment hook '/home/drcl/Desktop/drcl/4ws_robot_ros2/install/four_ws_description/share/four_ws_description/hook/cmake_prefix_path.ps1'
[0.999s] INFO:colcon.colcon_core.shell:Creating environment descriptor '/home/drcl/Desktop/drcl/4ws_robot_ros2/install/four_ws_description/share/four_ws_description/hook/cmake_prefix_path.dsv'
[0.999s] INFO:colcon.colcon_core.shell:Creating environment hook '/home/drcl/Desktop/drcl/4ws_robot_ros2/install/four_ws_description/share/four_ws_description/hook/cmake_prefix_path.sh'
[1.000s] Level 1:colcon.colcon_core.environment:checking '/home/drcl/Desktop/drcl/4ws_robot_ros2/install/four_ws_description/bin'
[1.000s] Level 1:colcon.colcon_core.environment:checking '/home/drcl/Desktop/drcl/4ws_robot_ros2/install/four_ws_description/lib/pkgconfig/four_ws_description.pc'
[1.000s] Level 1:colcon.colcon_core.environment:checking '/home/drcl/Desktop/drcl/4ws_robot_ros2/install/four_ws_description/lib/python3.10/site-packages'
[1.000s] Level 1:colcon.colcon_core.environment:checking '/home/drcl/Desktop/drcl/4ws_robot_ros2/install/four_ws_description/bin'
[1.001s] INFO:colcon.colcon_core.shell:Creating package script '/home/drcl/Desktop/drcl/4ws_robot_ros2/install/four_ws_description/share/four_ws_description/package.ps1'
[1.001s] INFO:colcon.colcon_core.shell:Creating package descriptor '/home/drcl/Desktop/drcl/4ws_robot_ros2/install/four_ws_description/share/four_ws_description/package.dsv'
[1.001s] INFO:colcon.colcon_core.shell:Creating package script '/home/drcl/Desktop/drcl/4ws_robot_ros2/install/four_ws_description/share/four_ws_description/package.sh'
[1.001s] INFO:colcon.colcon_core.shell:Creating package script '/home/drcl/Desktop/drcl/4ws_robot_ros2/install/four_ws_description/share/four_ws_description/package.bash'
[1.002s] INFO:colcon.colcon_core.shell:Creating package script '/home/drcl/Desktop/drcl/4ws_robot_ros2/install/four_ws_description/share/four_ws_description/package.zsh'
[1.002s] Level 1:colcon.colcon_core.environment:create_file_with_runtime_dependencies(/home/drcl/Desktop/drcl/4ws_robot_ros2/install/four_ws_description/share/colcon-core/packages/four_ws_description)
[1.664s] DEBUG:colcon.colcon_core.event_handler.log_command:Invoked command in '/home/drcl/Desktop/drcl/4ws_robot_ros2/build/teleop_twist_joy' returned '0': CMAKE_PREFIX_PATH=/opt/ros/humble FZF_DEFAULT_OPTS=
    --color fg:-1,bg:-1,hl:196,fg+:254,bg+:239,hl+:040
    --color info:226,prompt:226,pointer:196,marker:254,spinner:226
    --preview 'file {}'
    --preview-window down:1 /usr/bin/cmake /home/drcl/Desktop/drcl/4ws_robot_ros2/src/teleop_twist_joy -DCMAKE_INSTALL_PREFIX=/home/drcl/Desktop/drcl/4ws_robot_ros2/install/teleop_twist_joy
[1.665s] DEBUG:colcon.colcon_core.event_handler.log_command:Invoking command in '/home/drcl/Desktop/drcl/4ws_robot_ros2/build/teleop_twist_joy': CMAKE_PREFIX_PATH=/opt/ros/humble FZF_DEFAULT_OPTS=
    --color fg:-1,bg:-1,hl:196,fg+:254,bg+:239,hl+:040
    --color info:226,prompt:226,pointer:196,marker:254,spinner:226
    --preview 'file {}'
    --preview-window down:1 /usr/bin/cmake --build /home/drcl/Desktop/drcl/4ws_robot_ros2/build/teleop_twist_joy -- -j16 -l16
[1.794s] DEBUG:colcon.colcon_core.event_handler.log_command:Invoked command in '/home/drcl/Desktop/drcl/4ws_robot_ros2/build/dynamixel_hardware' returned '0': CMAKE_PREFIX_PATH=/opt/ros/humble FZF_DEFAULT_OPTS=
    --color fg:-1,bg:-1,hl:196,fg+:254,bg+:239,hl+:040
    --color info:226,prompt:226,pointer:196,marker:254,spinner:226
    --preview 'file {}'
    --preview-window down:1 /usr/bin/cmake /home/drcl/Desktop/drcl/4ws_robot_ros2/src/dynamixel_hwi -DCMAKE_INSTALL_PREFIX=/home/drcl/Desktop/drcl/4ws_robot_ros2/install/dynamixel_hardware
[1.796s] DEBUG:colcon.colcon_core.event_handler.log_command:Invoking command in '/home/drcl/Desktop/drcl/4ws_robot_ros2/build/dynamixel_hardware': CMAKE_PREFIX_PATH=/opt/ros/humble FZF_DEFAULT_OPTS=
    --color fg:-1,bg:-1,hl:196,fg+:254,bg+:239,hl+:040
    --color info:226,prompt:226,pointer:196,marker:254,spinner:226
    --preview 'file {}'
    --preview-window down:1 /usr/bin/cmake --build /home/drcl/Desktop/drcl/4ws_robot_ros2/build/dynamixel_hardware -- -j16 -l16
[4.376s] DEBUG:colcon.colcon_core.event_handler.log_command:Invoked command in '/home/drcl/Desktop/drcl/4ws_robot_ros2/build/dynamixel_hardware' returned '0': CMAKE_PREFIX_PATH=/opt/ros/humble FZF_DEFAULT_OPTS=
    --color fg:-1,bg:-1,hl:196,fg+:254,bg+:239,hl+:040
    --color info:226,prompt:226,pointer:196,marker:254,spinner:226
    --preview 'file {}'
    --preview-window down:1 /usr/bin/cmake --build /home/drcl/Desktop/drcl/4ws_robot_ros2/build/dynamixel_hardware -- -j16 -l16
[4.393s] DEBUG:colcon.colcon_core.event_handler.log_command:Invoking command in '/home/drcl/Desktop/drcl/4ws_robot_ros2/build/dynamixel_hardware': CMAKE_PREFIX_PATH=/opt/ros/humble FZF_DEFAULT_OPTS=
    --color fg:-1,bg:-1,hl:196,fg+:254,bg+:239,hl+:040
    --color info:226,prompt:226,pointer:196,marker:254,spinner:226
    --preview 'file {}'
    --preview-window down:1 /usr/bin/cmake --install /home/drcl/Desktop/drcl/4ws_robot_ros2/build/dynamixel_hardware
[4.401s] Level 1:colcon.colcon_core.environment:create_environment_scripts_only(dynamixel_hardware)
[4.402s] DEBUG:colcon.colcon_core.event_handler.log_command:Invoked command in '/home/drcl/Desktop/drcl/4ws_robot_ros2/build/dynamixel_hardware' returned '0': CMAKE_PREFIX_PATH=/opt/ros/humble FZF_DEFAULT_OPTS=
    --color fg:-1,bg:-1,hl:196,fg+:254,bg+:239,hl+:040
    --color info:226,prompt:226,pointer:196,marker:254,spinner:226
    --preview 'file {}'
    --preview-window down:1 /usr/bin/cmake --install /home/drcl/Desktop/drcl/4ws_robot_ros2/build/dynamixel_hardware
[4.403s] Level 1:colcon.colcon_core.environment:checking '/home/drcl/Desktop/drcl/4ws_robot_ros2/install/dynamixel_hardware' for CMake module files
[4.403s] Level 1:colcon.colcon_core.environment:checking '/home/drcl/Desktop/drcl/4ws_robot_ros2/install/dynamixel_hardware' for CMake config files
[4.404s] Level 1:colcon.colcon_core.shell:create_environment_hook('dynamixel_hardware', 'cmake_prefix_path')
[4.404s] INFO:colcon.colcon_core.shell:Creating environment hook '/home/drcl/Desktop/drcl/4ws_robot_ros2/install/dynamixel_hardware/share/dynamixel_hardware/hook/cmake_prefix_path.ps1'
[4.405s] INFO:colcon.colcon_core.shell:Creating environment descriptor '/home/drcl/Desktop/drcl/4ws_robot_ros2/install/dynamixel_hardware/share/dynamixel_hardware/hook/cmake_prefix_path.dsv'
[4.405s] INFO:colcon.colcon_core.shell:Creating environment hook '/home/drcl/Desktop/drcl/4ws_robot_ros2/install/dynamixel_hardware/share/dynamixel_hardware/hook/cmake_prefix_path.sh'
[4.405s] Level 1:colcon.colcon_core.environment:checking '/home/drcl/Desktop/drcl/4ws_robot_ros2/install/dynamixel_hardware/lib'
[4.405s] Level 1:colcon.colcon_core.shell:create_environment_hook('dynamixel_hardware', 'ld_library_path_lib')
[4.406s] INFO:colcon.colcon_core.shell:Creating environment hook '/home/drcl/Desktop/drcl/4ws_robot_ros2/install/dynamixel_hardware/share/dynamixel_hardware/hook/ld_library_path_lib.ps1'
[4.406s] INFO:colcon.colcon_core.shell:Creating environment descriptor '/home/drcl/Desktop/drcl/4ws_robot_ros2/install/dynamixel_hardware/share/dynamixel_hardware/hook/ld_library_path_lib.dsv'
[4.406s] INFO:colcon.colcon_core.shell:Creating environment hook '/home/drcl/Desktop/drcl/4ws_robot_ros2/install/dynamixel_hardware/share/dynamixel_hardware/hook/ld_library_path_lib.sh'
[4.406s] Level 1:colcon.colcon_core.environment:checking '/home/drcl/Desktop/drcl/4ws_robot_ros2/install/dynamixel_hardware/bin'
[4.407s] Level 1:colcon.colcon_core.environment:checking '/home/drcl/Desktop/drcl/4ws_robot_ros2/install/dynamixel_hardware/lib/pkgconfig/dynamixel_hardware.pc'
[4.407s] Level 1:colcon.colcon_core.environment:checking '/home/drcl/Desktop/drcl/4ws_robot_ros2/install/dynamixel_hardware/lib/python3.10/site-packages'
[4.407s] Level 1:colcon.colcon_core.environment:checking '/home/drcl/Desktop/drcl/4ws_robot_ros2/install/dynamixel_hardware/bin'
[4.408s] INFO:colcon.colcon_core.shell:Creating package script '/home/drcl/Desktop/drcl/4ws_robot_ros2/install/dynamixel_hardware/share/dynamixel_hardware/package.ps1'
[4.408s] INFO:colcon.colcon_core.shell:Creating package descriptor '/home/drcl/Desktop/drcl/4ws_robot_ros2/install/dynamixel_hardware/share/dynamixel_hardware/package.dsv'
[4.408s] INFO:colcon.colcon_core.shell:Creating package script '/home/drcl/Desktop/drcl/4ws_robot_ros2/install/dynamixel_hardware/share/dynamixel_hardware/package.sh'
[4.408s] INFO:colcon.colcon_core.shell:Creating package script '/home/drcl/Desktop/drcl/4ws_robot_ros2/install/dynamixel_hardware/share/dynamixel_hardware/package.bash'
[4.409s] INFO:colcon.colcon_core.shell:Creating package script '/home/drcl/Desktop/drcl/4ws_robot_ros2/install/dynamixel_hardware/share/dynamixel_hardware/package.zsh'
[4.409s] Level 1:colcon.colcon_core.environment:create_file_with_runtime_dependencies(/home/drcl/Desktop/drcl/4ws_robot_ros2/install/dynamixel_hardware/share/colcon-core/packages/dynamixel_hardware)
[4.426s] Level 1:colcon.colcon_core.environment:create_environment_scripts_only(dynamixel_hardware)
[4.427s] Level 1:colcon.colcon_core.environment:checking '/home/drcl/Desktop/drcl/4ws_robot_ros2/install/dynamixel_hardware' for CMake module files
[4.428s] Level 1:colcon.colcon_core.environment:checking '/home/drcl/Desktop/drcl/4ws_robot_ros2/install/dynamixel_hardware' for CMake config files
[4.428s] Level 1:colcon.colcon_core.shell:create_environment_hook('dynamixel_hardware', 'cmake_prefix_path')
[4.428s] INFO:colcon.colcon_core.shell:Creating environment hook '/home/drcl/Desktop/drcl/4ws_robot_ros2/install/dynamixel_hardware/share/dynamixel_hardware/hook/cmake_prefix_path.ps1'
[4.429s] INFO:colcon.colcon_core.shell:Creating environment descriptor '/home/drcl/Desktop/drcl/4ws_robot_ros2/install/dynamixel_hardware/share/dynamixel_hardware/hook/cmake_prefix_path.dsv'
[4.429s] INFO:colcon.colcon_core.shell:Creating environment hook '/home/drcl/Desktop/drcl/4ws_robot_ros2/install/dynamixel_hardware/share/dynamixel_hardware/hook/cmake_prefix_path.sh'
[4.429s] Level 1:colcon.colcon_core.environment:checking '/home/drcl/Desktop/drcl/4ws_robot_ros2/install/dynamixel_hardware/lib'
[4.429s] Level 1:colcon.colcon_core.shell:create_environment_hook('dynamixel_hardware', 'ld_library_path_lib')
[4.430s] INFO:colcon.colcon_core.shell:Creating environment hook '/home/drcl/Desktop/drcl/4ws_robot_ros2/install/dynamixel_hardware/share/dynamixel_hardware/hook/ld_library_path_lib.ps1'
[4.431s] INFO:colcon.colcon_core.shell:Creating environment descriptor '/home/drcl/Desktop/drcl/4ws_robot_ros2/install/dynamixel_hardware/share/dynamixel_hardware/hook/ld_library_path_lib.dsv'
[4.431s] INFO:colcon.colcon_core.shell:Creating environment hook '/home/drcl/Desktop/drcl/4ws_robot_ros2/install/dynamixel_hardware/share/dynamixel_hardware/hook/ld_library_path_lib.sh'
[4.431s] Level 1:colcon.colcon_core.environment:checking '/home/drcl/Desktop/drcl/4ws_robot_ros2/install/dynamixel_hardware/bin'
[4.431s] Level 1:colcon.colcon_core.environment:checking '/home/drcl/Desktop/drcl/4ws_robot_ros2/install/dynamixel_hardware/lib/pkgconfig/dynamixel_hardware.pc'
[4.431s] Level 1:colcon.colcon_core.environment:checking '/home/drcl/Desktop/drcl/4ws_robot_ros2/install/dynamixel_hardware/lib/python3.10/site-packages'
[4.431s] Level 1:colcon.colcon_core.environment:checking '/home/drcl/Desktop/drcl/4ws_robot_ros2/install/dynamixel_hardware/bin'
[4.432s] INFO:colcon.colcon_core.shell:Creating package script '/home/drcl/Desktop/drcl/4ws_robot_ros2/install/dynamixel_hardware/share/dynamixel_hardware/package.ps1'
[4.432s] INFO:colcon.colcon_core.shell:Creating package descriptor '/home/drcl/Desktop/drcl/4ws_robot_ros2/install/dynamixel_hardware/share/dynamixel_hardware/package.dsv'
[4.433s] INFO:colcon.colcon_core.shell:Creating package script '/home/drcl/Desktop/drcl/4ws_robot_ros2/install/dynamixel_hardware/share/dynamixel_hardware/package.sh'
[4.433s] INFO:colcon.colcon_core.shell:Creating package script '/home/drcl/Desktop/drcl/4ws_robot_ros2/install/dynamixel_hardware/share/dynamixel_hardware/package.bash'
[4.433s] INFO:colcon.colcon_core.shell:Creating package script '/home/drcl/Desktop/drcl/4ws_robot_ros2/install/dynamixel_hardware/share/dynamixel_hardware/package.zsh'
[4.433s] Level 1:colcon.colcon_core.environment:create_file_with_runtime_dependencies(/home/drcl/Desktop/drcl/4ws_robot_ros2/install/dynamixel_hardware/share/colcon-core/packages/dynamixel_hardware)
[4.434s] INFO:colcon.colcon_ros.task.ament_cmake.build:Building ROS package in '/home/drcl/Desktop/drcl/4ws_robot_ros2/src/4ws_control' with build type 'ament_cmake'
[4.434s] INFO:colcon.colcon_cmake.task.cmake.build:Building CMake package in '/home/drcl/Desktop/drcl/4ws_robot_ros2/src/4ws_control'
[4.434s] INFO:colcon.colcon_core.shell:Skip shell extension 'powershell' for command environment: Not usable outside of PowerShell
[4.434s] DEBUG:colcon.colcon_core.shell:Skip shell extension 'dsv' for command environment
[4.441s] DEBUG:colcon.colcon_core.event_handler.log_command:Invoking command in '/home/drcl/Desktop/drcl/4ws_robot_ros2/build/four_ws_control': AMENT_PREFIX_PATH=/home/drcl/Desktop/drcl/4ws_robot_ros2/install/dynamixel_hardware:${AMENT_PREFIX_PATH} CMAKE_PREFIX_PATH=/home/drcl/Desktop/drcl/4ws_robot_ros2/install/dynamixel_hardware:/opt/ros/humble FZF_DEFAULT_OPTS=
    --color fg:-1,bg:-1,hl:196,fg+:254,bg+:239,hl+:040
    --color info:226,prompt:226,pointer:196,marker:254,spinner:226
    --preview 'file {}'
    --preview-window down:1 LD_LIBRARY_PATH=/home/drcl/Desktop/drcl/4ws_robot_ros2/install/dynamixel_hardware/lib:${LD_LIBRARY_PATH} /usr/bin/cmake /home/drcl/Desktop/drcl/4ws_robot_ros2/src/4ws_control -DCMAKE_INSTALL_PREFIX=/home/drcl/Desktop/drcl/4ws_robot_ros2/install/four_ws_control
[5.917s] DEBUG:colcon.colcon_core.event_handler.log_command:Invoked command in '/home/drcl/Desktop/drcl/4ws_robot_ros2/build/four_ws_control' returned '0': AMENT_PREFIX_PATH=/home/drcl/Desktop/drcl/4ws_robot_ros2/install/dynamixel_hardware:${AMENT_PREFIX_PATH} CMAKE_PREFIX_PATH=/home/drcl/Desktop/drcl/4ws_robot_ros2/install/dynamixel_hardware:/opt/ros/humble FZF_DEFAULT_OPTS=
    --color fg:-1,bg:-1,hl:196,fg+:254,bg+:239,hl+:040
    --color info:226,prompt:226,pointer:196,marker:254,spinner:226
    --preview 'file {}'
    --preview-window down:1 LD_LIBRARY_PATH=/home/drcl/Desktop/drcl/4ws_robot_ros2/install/dynamixel_hardware/lib:${LD_LIBRARY_PATH} /usr/bin/cmake /home/drcl/Desktop/drcl/4ws_robot_ros2/src/4ws_control -DCMAKE_INSTALL_PREFIX=/home/drcl/Desktop/drcl/4ws_robot_ros2/install/four_ws_control
[5.918s] DEBUG:colcon.colcon_core.event_handler.log_command:Invoking command in '/home/drcl/Desktop/drcl/4ws_robot_ros2/build/four_ws_control': AMENT_PREFIX_PATH=/home/drcl/Desktop/drcl/4ws_robot_ros2/install/dynamixel_hardware:${AMENT_PREFIX_PATH} CMAKE_PREFIX_PATH=/home/drcl/Desktop/drcl/4ws_robot_ros2/install/dynamixel_hardware:/opt/ros/humble FZF_DEFAULT_OPTS=
    --color fg:-1,bg:-1,hl:196,fg+:254,bg+:239,hl+:040
    --color info:226,prompt:226,pointer:196,marker:254,spinner:226
    --preview 'file {}'
    --preview-window down:1 LD_LIBRARY_PATH=/home/drcl/Desktop/drcl/4ws_robot_ros2/install/dynamixel_hardware/lib:${LD_LIBRARY_PATH} /usr/bin/cmake --build /home/drcl/Desktop/drcl/4ws_robot_ros2/build/four_ws_control -- -j16 -l16
[5.944s] DEBUG:colcon.colcon_core.event_handler.log_command:Invoked command in '/home/drcl/Desktop/drcl/4ws_robot_ros2/build/four_ws_control' returned '0': AMENT_PREFIX_PATH=/home/drcl/Desktop/drcl/4ws_robot_ros2/install/dynamixel_hardware:${AMENT_PREFIX_PATH} CMAKE_PREFIX_PATH=/home/drcl/Desktop/drcl/4ws_robot_ros2/install/dynamixel_hardware:/opt/ros/humble FZF_DEFAULT_OPTS=
    --color fg:-1,bg:-1,hl:196,fg+:254,bg+:239,hl+:040
    --color info:226,prompt:226,pointer:196,marker:254,spinner:226
    --preview 'file {}'
    --preview-window down:1 LD_LIBRARY_PATH=/home/drcl/Desktop/drcl/4ws_robot_ros2/install/dynamixel_hardware/lib:${LD_LIBRARY_PATH} /usr/bin/cmake --build /home/drcl/Desktop/drcl/4ws_robot_ros2/build/four_ws_control -- -j16 -l16
[5.959s] DEBUG:colcon.colcon_core.event_handler.log_command:Invoking command in '/home/drcl/Desktop/drcl/4ws_robot_ros2/build/four_ws_control': AMENT_PREFIX_PATH=/home/drcl/Desktop/drcl/4ws_robot_ros2/install/dynamixel_hardware:${AMENT_PREFIX_PATH} CMAKE_PREFIX_PATH=/home/drcl/Desktop/drcl/4ws_robot_ros2/install/dynamixel_hardware:/opt/ros/humble FZF_DEFAULT_OPTS=
    --color fg:-1,bg:-1,hl:196,fg+:254,bg+:239,hl+:040
    --color info:226,prompt:226,pointer:196,marker:254,spinner:226
    --preview 'file {}'
    --preview-window down:1 LD_LIBRARY_PATH=/home/drcl/Desktop/drcl/4ws_robot_ros2/install/dynamixel_hardware/lib:${LD_LIBRARY_PATH} /usr/bin/cmake --install /home/drcl/Desktop/drcl/4ws_robot_ros2/build/four_ws_control
[5.966s] Level 1:colcon.colcon_core.environment:create_environment_scripts_only(four_ws_control)
[5.968s] Level 1:colcon.colcon_core.environment:checking '/home/drcl/Desktop/drcl/4ws_robot_ros2/install/four_ws_control' for CMake module files
[5.968s] DEBUG:colcon.colcon_core.event_handler.log_command:Invoked command in '/home/drcl/Desktop/drcl/4ws_robot_ros2/build/four_ws_control' returned '0': AMENT_PREFIX_PATH=/home/drcl/Desktop/drcl/4ws_robot_ros2/install/dynamixel_hardware:${AMENT_PREFIX_PATH} CMAKE_PREFIX_PATH=/home/drcl/Desktop/drcl/4ws_robot_ros2/install/dynamixel_hardware:/opt/ros/humble FZF_DEFAULT_OPTS=
    --color fg:-1,bg:-1,hl:196,fg+:254,bg+:239,hl+:040
    --color info:226,prompt:226,pointer:196,marker:254,spinner:226
    --preview 'file {}'
    --preview-window down:1 LD_LIBRARY_PATH=/home/drcl/Desktop/drcl/4ws_robot_ros2/install/dynamixel_hardware/lib:${LD_LIBRARY_PATH} /usr/bin/cmake --install /home/drcl/Desktop/drcl/4ws_robot_ros2/build/four_ws_control
[5.968s] Level 1:colcon.colcon_core.environment:checking '/home/drcl/Desktop/drcl/4ws_robot_ros2/install/four_ws_control' for CMake config files
[5.968s] Level 1:colcon.colcon_core.shell:create_environment_hook('four_ws_control', 'cmake_prefix_path')
[5.969s] INFO:colcon.colcon_core.shell:Creating environment hook '/home/drcl/Desktop/drcl/4ws_robot_ros2/install/four_ws_control/share/four_ws_control/hook/cmake_prefix_path.ps1'
[5.970s] INFO:colcon.colcon_core.shell:Creating environment descriptor '/home/drcl/Desktop/drcl/4ws_robot_ros2/install/four_ws_control/share/four_ws_control/hook/cmake_prefix_path.dsv'
[5.970s] INFO:colcon.colcon_core.shell:Creating environment hook '/home/drcl/Desktop/drcl/4ws_robot_ros2/install/four_ws_control/share/four_ws_control/hook/cmake_prefix_path.sh'
[5.970s] Level 1:colcon.colcon_core.environment:checking '/home/drcl/Desktop/drcl/4ws_robot_ros2/install/four_ws_control/lib'
[5.970s] Level 1:colcon.colcon_core.environment:checking '/home/drcl/Desktop/drcl/4ws_robot_ros2/install/four_ws_control/bin'
[5.970s] Level 1:colcon.colcon_core.environment:checking '/home/drcl/Desktop/drcl/4ws_robot_ros2/install/four_ws_control/lib/pkgconfig/four_ws_control.pc'
[5.970s] Level 1:colcon.colcon_core.environment:checking '/home/drcl/Desktop/drcl/4ws_robot_ros2/install/four_ws_control/lib/python3.10/site-packages'
[5.970s] Level 1:colcon.colcon_core.environment:checking '/home/drcl/Desktop/drcl/4ws_robot_ros2/install/four_ws_control/bin'
[5.971s] INFO:colcon.colcon_core.shell:Creating package script '/home/drcl/Desktop/drcl/4ws_robot_ros2/install/four_ws_control/share/four_ws_control/package.ps1'
[5.971s] INFO:colcon.colcon_core.shell:Creating package descriptor '/home/drcl/Desktop/drcl/4ws_robot_ros2/install/four_ws_control/share/four_ws_control/package.dsv'
[5.972s] INFO:colcon.colcon_core.shell:Creating package script '/home/drcl/Desktop/drcl/4ws_robot_ros2/install/four_ws_control/share/four_ws_control/package.sh'
[5.972s] INFO:colcon.colcon_core.shell:Creating package script '/home/drcl/Desktop/drcl/4ws_robot_ros2/install/four_ws_control/share/four_ws_control/package.bash'
[5.972s] INFO:colcon.colcon_core.shell:Creating package script '/home/drcl/Desktop/drcl/4ws_robot_ros2/install/four_ws_control/share/four_ws_control/package.zsh'
[5.972s] Level 1:colcon.colcon_core.environment:create_file_with_runtime_dependencies(/home/drcl/Desktop/drcl/4ws_robot_ros2/install/four_ws_control/share/colcon-core/packages/four_ws_control)
[5.986s] Level 1:colcon.colcon_core.environment:create_environment_scripts_only(four_ws_control)
[5.987s] Level 1:colcon.colcon_core.environment:checking '/home/drcl/Desktop/drcl/4ws_robot_ros2/install/four_ws_control' for CMake module files
[5.988s] Level 1:colcon.colcon_core.environment:checking '/home/drcl/Desktop/drcl/4ws_robot_ros2/install/four_ws_control' for CMake config files
[5.988s] Level 1:colcon.colcon_core.shell:create_environment_hook('four_ws_control', 'cmake_prefix_path')
[5.989s] INFO:colcon.colcon_core.shell:Creating environment hook '/home/drcl/Desktop/drcl/4ws_robot_ros2/install/four_ws_control/share/four_ws_control/hook/cmake_prefix_path.ps1'
[5.989s] INFO:colcon.colcon_core.shell:Creating environment descriptor '/home/drcl/Desktop/drcl/4ws_robot_ros2/install/four_ws_control/share/four_ws_control/hook/cmake_prefix_path.dsv'
[5.989s] INFO:colcon.colcon_core.shell:Creating environment hook '/home/drcl/Desktop/drcl/4ws_robot_ros2/install/four_ws_control/share/four_ws_control/hook/cmake_prefix_path.sh'
[5.989s] Level 1:colcon.colcon_core.environment:checking '/home/drcl/Desktop/drcl/4ws_robot_ros2/install/four_ws_control/lib'
[5.990s] Level 1:colcon.colcon_core.environment:checking '/home/drcl/Desktop/drcl/4ws_robot_ros2/install/four_ws_control/bin'
[5.990s] Level 1:colcon.colcon_core.environment:checking '/home/drcl/Desktop/drcl/4ws_robot_ros2/install/four_ws_control/lib/pkgconfig/four_ws_control.pc'
[5.990s] Level 1:colcon.colcon_core.environment:checking '/home/drcl/Desktop/drcl/4ws_robot_ros2/install/four_ws_control/lib/python3.10/site-packages'
[5.990s] Level 1:colcon.colcon_core.environment:checking '/home/drcl/Desktop/drcl/4ws_robot_ros2/install/four_ws_control/bin'
[5.991s] INFO:colcon.colcon_core.shell:Creating package script '/home/drcl/Desktop/drcl/4ws_robot_ros2/install/four_ws_control/share/four_ws_control/package.ps1'
[5.991s] INFO:colcon.colcon_core.shell:Creating package descriptor '/home/drcl/Desktop/drcl/4ws_robot_ros2/install/four_ws_control/share/four_ws_control/package.dsv'
[5.991s] INFO:colcon.colcon_core.shell:Creating package script '/home/drcl/Desktop/drcl/4ws_robot_ros2/install/four_ws_control/share/four_ws_control/package.sh'
[5.991s] INFO:colcon.colcon_core.shell:Creating package script '/home/drcl/Desktop/drcl/4ws_robot_ros2/install/four_ws_control/share/four_ws_control/package.bash'
[5.992s] INFO:colcon.colcon_core.shell:Creating package script '/home/drcl/Desktop/drcl/4ws_robot_ros2/install/four_ws_control/share/four_ws_control/package.zsh'
[5.992s] Level 1:colcon.colcon_core.environment:create_file_with_runtime_dependencies(/home/drcl/Desktop/drcl/4ws_robot_ros2/install/four_ws_control/share/colcon-core/packages/four_ws_control)
[7.941s] DEBUG:colcon.colcon_core.event_handler.log_command:Invoked command in '/home/drcl/Desktop/drcl/4ws_robot_ros2/build/teleop_twist_joy' returned '2': CMAKE_PREFIX_PATH=/opt/ros/humble FZF_DEFAULT_OPTS=
    --color fg:-1,bg:-1,hl:196,fg+:254,bg+:239,hl+:040
    --color info:226,prompt:226,pointer:196,marker:254,spinner:226
    --preview 'file {}'
    --preview-window down:1 /usr/bin/cmake --build /home/drcl/Desktop/drcl/4ws_robot_ros2/build/teleop_twist_joy -- -j16 -l16
[7.959s] Level 1:colcon.colcon_core.environment:create_environment_scripts_only(teleop_twist_joy)
[7.960s] Level 1:colcon.colcon_core.environment:checking '/home/drcl/Desktop/drcl/4ws_robot_ros2/install/teleop_twist_joy' for CMake module files
[7.960s] Level 1:colcon.colcon_core.environment:checking '/home/drcl/Desktop/drcl/4ws_robot_ros2/install/teleop_twist_joy' for CMake config files
[7.960s] Level 1:colcon.colcon_core.environment:checking '/home/drcl/Desktop/drcl/4ws_robot_ros2/install/teleop_twist_joy/bin'
[7.960s] Level 1:colcon.colcon_core.environment:checking '/home/drcl/Desktop/drcl/4ws_robot_ros2/install/teleop_twist_joy/lib/pkgconfig/teleop_twist_joy.pc'
[7.960s] Level 1:colcon.colcon_core.environment:checking '/home/drcl/Desktop/drcl/4ws_robot_ros2/install/teleop_twist_joy/lib/python3.10/site-packages'
[7.960s] Level 1:colcon.colcon_core.environment:checking '/home/drcl/Desktop/drcl/4ws_robot_ros2/install/teleop_twist_joy/bin'
[7.961s] INFO:colcon.colcon_core.shell:Creating package script '/home/drcl/Desktop/drcl/4ws_robot_ros2/install/teleop_twist_joy/share/teleop_twist_joy/package.ps1'
[7.961s] INFO:colcon.colcon_core.shell:Creating package descriptor '/home/drcl/Desktop/drcl/4ws_robot_ros2/install/teleop_twist_joy/share/teleop_twist_joy/package.dsv'
[7.962s] INFO:colcon.colcon_core.shell:Creating package script '/home/drcl/Desktop/drcl/4ws_robot_ros2/install/teleop_twist_joy/share/teleop_twist_joy/package.sh'
[7.962s] INFO:colcon.colcon_core.shell:Creating package script '/home/drcl/Desktop/drcl/4ws_robot_ros2/install/teleop_twist_joy/share/teleop_twist_joy/package.bash'
[7.962s] INFO:colcon.colcon_core.shell:Creating package script '/home/drcl/Desktop/drcl/4ws_robot_ros2/install/teleop_twist_joy/share/teleop_twist_joy/package.zsh'
[7.962s] Level 1:colcon.colcon_core.environment:create_file_with_runtime_dependencies(/home/drcl/Desktop/drcl/4ws_robot_ros2/install/teleop_twist_joy/share/colcon-core/packages/teleop_twist_joy)
[7.973s] DEBUG:colcon.colcon_parallel_executor.executor.parallel:closing loop
[7.973s] DEBUG:colcon.colcon_parallel_executor.executor.parallel:loop closed
[7.973s] DEBUG:colcon.colcon_parallel_executor.executor.parallel:run_until_complete finished with '2'
[7.973s] DEBUG:colcon.colcon_core.event_reactor:joining thread
[7.979s] INFO:colcon.colcon_core.plugin_system:Skipping extension 'colcon_notification.desktop_notification.notify_send': Could not find 'notify-send'
[7.979s] INFO:colcon.colcon_core.plugin_system:Skipping extension 'colcon_notification.desktop_notification.terminal_notifier': Not used on non-Darwin systems
[7.979s] INFO:colcon.colcon_core.plugin_system:Skipping extension 'colcon_notification.desktop_notification.win32': Not used on non-Windows systems
[7.979s] INFO:colcon.colcon_notification.desktop_notification:Sending desktop notification using 'notify2'
[8.008s] DEBUG:colcon.colcon_core.event_reactor:joined thread
[8.009s] INFO:colcon.colcon_core.shell:Creating prefix script '/home/drcl/Desktop/drcl/4ws_robot_ros2/install/local_setup.ps1'
[8.010s] INFO:colcon.colcon_core.shell:Creating prefix util module '/home/drcl/Desktop/drcl/4ws_robot_ros2/install/_local_setup_util_ps1.py'
[8.011s] INFO:colcon.colcon_core.shell:Creating prefix chain script '/home/drcl/Desktop/drcl/4ws_robot_ros2/install/setup.ps1'
[8.012s] INFO:colcon.colcon_core.shell:Creating prefix script '/home/drcl/Desktop/drcl/4ws_robot_ros2/install/local_setup.sh'
[8.012s] INFO:colcon.colcon_core.shell:Creating prefix util module '/home/drcl/Desktop/drcl/4ws_robot_ros2/install/_local_setup_util_sh.py'
[8.012s] INFO:colcon.colcon_core.shell:Creating prefix chain script '/home/drcl/Desktop/drcl/4ws_robot_ros2/install/setup.sh'
[8.013s] INFO:colcon.colcon_core.shell:Creating prefix script '/home/drcl/Desktop/drcl/4ws_robot_ros2/install/local_setup.bash'
[8.014s] INFO:colcon.colcon_core.shell:Creating prefix chain script '/home/drcl/Desktop/drcl/4ws_robot_ros2/install/setup.bash'
[8.014s] INFO:colcon.colcon_core.shell:Creating prefix script '/home/drcl/Desktop/drcl/4ws_robot_ros2/install/local_setup.zsh'
[8.015s] INFO:colcon.colcon_core.shell:Creating prefix chain script '/home/drcl/Desktop/drcl/4ws_robot_ros2/install/setup.zsh'
