[0.010s] Invoking command in '/home/drcl/Desktop/drcl/4ws_robot_ros2/build/four_ws_description': CMAKE_PREFIX_PATH=${CMAKE_PREFIX_PATH}:/opt/ros/humble FZF_DEFAULT_OPTS=
    --color fg:-1,bg:-1,hl:196,fg+:254,bg+:239,hl+:040
    --color info:226,prompt:226,pointer:196,marker:254,spinner:226
    --preview 'file {}'
    --preview-window down:1 /usr/bin/cmake --build /home/drcl/Desktop/drcl/4ws_robot_ros2/build/four_ws_description -- -j16 -l16
[0.032s] Invoked command in '/home/drcl/Desktop/drcl/4ws_robot_ros2/build/four_ws_description' returned '0': CMAKE_PREFIX_PATH=${CMAKE_PREFIX_PATH}:/opt/ros/humble FZF_DEFAULT_OPTS=
    --color fg:-1,bg:-1,hl:196,fg+:254,bg+:239,hl+:040
    --color info:226,prompt:226,pointer:196,marker:254,spinner:226
    --preview 'file {}'
    --preview-window down:1 /usr/bin/cmake --build /home/drcl/Desktop/drcl/4ws_robot_ros2/build/four_ws_description -- -j16 -l16
[0.050s] Invoking command in '/home/drcl/Desktop/drcl/4ws_robot_ros2/build/four_ws_description': CMAKE_PREFIX_PATH=${CMAKE_PREFIX_PATH}:/opt/ros/humble FZF_DEFAULT_OPTS=
    --color fg:-1,bg:-1,hl:196,fg+:254,bg+:239,hl+:040
    --color info:226,prompt:226,pointer:196,marker:254,spinner:226
    --preview 'file {}'
    --preview-window down:1 /usr/bin/cmake --install /home/drcl/Desktop/drcl/4ws_robot_ros2/build/four_ws_description
[0.055s] -- Install configuration: ""
[0.055s] -- Up-to-date: /home/drcl/Desktop/drcl/4ws_robot_ros2/install/four_ws_description/share/four_ws_description/config
[0.055s] -- Installing: /home/drcl/Desktop/drcl/4ws_robot_ros2/install/four_ws_description/share/four_ws_description/config/controllers.yaml
[0.055s] -- Up-to-date: /home/drcl/Desktop/drcl/4ws_robot_ros2/install/four_ws_description/share/four_ws_description/rviz
[0.055s] -- Up-to-date: /home/drcl/Desktop/drcl/4ws_robot_ros2/install/four_ws_description/share/four_ws_description/rviz/rosbot.rviz
[0.055s] -- Up-to-date: /home/drcl/Desktop/drcl/4ws_robot_ros2/install/four_ws_description/share/four_ws_description/gazebo
[0.055s] -- Up-to-date: /home/drcl/Desktop/drcl/4ws_robot_ros2/install/four_ws_description/share/four_ws_description/gazebo/rosbot.materials.xacro
[0.055s] -- Up-to-date: /home/drcl/Desktop/drcl/4ws_robot_ros2/install/four_ws_description/share/four_ws_description/gazebo/rosbot.gazebo.xacro
[0.055s] -- Up-to-date: /home/drcl/Desktop/drcl/4ws_robot_ros2/install/four_ws_description/share/four_ws_description/ros2_control
[0.055s] -- Up-to-date: /home/drcl/Desktop/drcl/4ws_robot_ros2/install/four_ws_description/share/four_ws_description/ros2_control/four_ws.ros2_control.xacro
[0.055s] -- Up-to-date: /home/drcl/Desktop/drcl/4ws_robot_ros2/install/four_ws_description/share/four_ws_description/ros2_control/four_ws.ros2_control_gazebo.xacro
[0.055s] -- Up-to-date: /home/drcl/Desktop/drcl/4ws_robot_ros2/install/four_ws_description/share/four_ws_description/urdf
[0.055s] -- Up-to-date: /home/drcl/Desktop/drcl/4ws_robot_ros2/install/four_ws_description/share/four_ws_description/urdf/four_ws.urdf.xacro
[0.055s] -- Up-to-date: /home/drcl/Desktop/drcl/4ws_robot_ros2/install/four_ws_description/share/four_ws_description/urdf/four_ws.urdf
[0.055s] -- Up-to-date: /home/drcl/Desktop/drcl/4ws_robot_ros2/install/four_ws_description/share/four_ws_description/worlds
[0.055s] -- Up-to-date: /home/drcl/Desktop/drcl/4ws_robot_ros2/install/four_ws_description/share/four_ws_description/worlds/4ws_world.model
[0.056s] -- Up-to-date: /home/drcl/Desktop/drcl/4ws_robot_ros2/install/four_ws_description/share/four_ws_description/map
[0.056s] -- Up-to-date: /home/drcl/Desktop/drcl/4ws_robot_ros2/install/four_ws_description/share/four_ws_description/map/office.data
[0.056s] -- Up-to-date: /home/drcl/Desktop/drcl/4ws_robot_ros2/install/four_ws_description/share/four_ws_description/map/office.pgm
[0.056s] -- Up-to-date: /home/drcl/Desktop/drcl/4ws_robot_ros2/install/four_ws_description/share/four_ws_description/map/office.yaml
[0.056s] -- Up-to-date: /home/drcl/Desktop/drcl/4ws_robot_ros2/install/four_ws_description/share/four_ws_description/map/office.posegraph
[0.056s] -- Up-to-date: /home/drcl/Desktop/drcl/4ws_robot_ros2/install/four_ws_description/share/ament_index/resource_index/package_run_dependencies/four_ws_description
[0.056s] -- Up-to-date: /home/drcl/Desktop/drcl/4ws_robot_ros2/install/four_ws_description/share/ament_index/resource_index/parent_prefix_path/four_ws_description
[0.056s] -- Up-to-date: /home/drcl/Desktop/drcl/4ws_robot_ros2/install/four_ws_description/share/four_ws_description/environment/ament_prefix_path.sh
[0.056s] -- Up-to-date: /home/drcl/Desktop/drcl/4ws_robot_ros2/install/four_ws_description/share/four_ws_description/environment/ament_prefix_path.dsv
[0.056s] -- Up-to-date: /home/drcl/Desktop/drcl/4ws_robot_ros2/install/four_ws_description/share/four_ws_description/environment/path.sh
[0.056s] -- Up-to-date: /home/drcl/Desktop/drcl/4ws_robot_ros2/install/four_ws_description/share/four_ws_description/environment/path.dsv
[0.056s] -- Up-to-date: /home/drcl/Desktop/drcl/4ws_robot_ros2/install/four_ws_description/share/four_ws_description/local_setup.bash
[0.056s] -- Up-to-date: /home/drcl/Desktop/drcl/4ws_robot_ros2/install/four_ws_description/share/four_ws_description/local_setup.sh
[0.056s] -- Up-to-date: /home/drcl/Desktop/drcl/4ws_robot_ros2/install/four_ws_description/share/four_ws_description/local_setup.zsh
[0.056s] -- Up-to-date: /home/drcl/Desktop/drcl/4ws_robot_ros2/install/four_ws_description/share/four_ws_description/local_setup.dsv
[0.056s] -- Installing: /home/drcl/Desktop/drcl/4ws_robot_ros2/install/four_ws_description/share/four_ws_description/package.dsv
[0.056s] -- Up-to-date: /home/drcl/Desktop/drcl/4ws_robot_ros2/install/four_ws_description/share/ament_index/resource_index/packages/four_ws_description
[0.056s] -- Up-to-date: /home/drcl/Desktop/drcl/4ws_robot_ros2/install/four_ws_description/share/four_ws_description/cmake/four_ws_descriptionConfig.cmake
[0.056s] -- Up-to-date: /home/drcl/Desktop/drcl/4ws_robot_ros2/install/four_ws_description/share/four_ws_description/cmake/four_ws_descriptionConfig-version.cmake
[0.056s] -- Up-to-date: /home/drcl/Desktop/drcl/4ws_robot_ros2/install/four_ws_description/share/four_ws_description/package.xml
[0.057s] Invoked command in '/home/drcl/Desktop/drcl/4ws_robot_ros2/build/four_ws_description' returned '0': CMAKE_PREFIX_PATH=${CMAKE_PREFIX_PATH}:/opt/ros/humble FZF_DEFAULT_OPTS=
    --color fg:-1,bg:-1,hl:196,fg+:254,bg+:239,hl+:040
    --color info:226,prompt:226,pointer:196,marker:254,spinner:226
    --preview 'file {}'
    --preview-window down:1 /usr/bin/cmake --install /home/drcl/Desktop/drcl/4ws_robot_ros2/build/four_ws_description
