-- Install configuration: ""
-- Up-to-date: /home/drcl/Desktop/drcl/4ws_robot_ros2/install/four_ws_description/share/four_ws_description/config
-- Up-to-date: /home/drcl/Desktop/drcl/4ws_robot_ros2/install/four_ws_description/share/four_ws_description/config/controllers.yaml
-- Up-to-date: /home/drcl/Desktop/drcl/4ws_robot_ros2/install/four_ws_description/share/four_ws_description/rviz
-- Up-to-date: /home/drcl/Desktop/drcl/4ws_robot_ros2/install/four_ws_description/share/four_ws_description/rviz/rosbot.rviz
-- Up-to-date: /home/drcl/Desktop/drcl/4ws_robot_ros2/install/four_ws_description/share/four_ws_description/gazebo
-- Up-to-date: /home/drcl/Desktop/drcl/4ws_robot_ros2/install/four_ws_description/share/four_ws_description/gazebo/rosbot.materials.xacro
-- Up-to-date: /home/drcl/Desktop/drcl/4ws_robot_ros2/install/four_ws_description/share/four_ws_description/gazebo/rosbot.gazebo.xacro
-- Up-to-date: /home/drcl/Desktop/drcl/4ws_robot_ros2/install/four_ws_description/share/four_ws_description/ros2_control
-- Up-to-date: /home/drcl/Desktop/drcl/4ws_robot_ros2/install/four_ws_description/share/four_ws_description/ros2_control/four_ws.ros2_control.xacro
-- Up-to-date: /home/drcl/Desktop/drcl/4ws_robot_ros2/install/four_ws_description/share/four_ws_description/ros2_control/four_ws.ros2_control_gazebo.xacro
-- Up-to-date: /home/drcl/Desktop/drcl/4ws_robot_ros2/install/four_ws_description/share/four_ws_description/urdf
-- Up-to-date: /home/drcl/Desktop/drcl/4ws_robot_ros2/install/four_ws_description/share/four_ws_description/urdf/four_ws.urdf.xacro
-- Up-to-date: /home/drcl/Desktop/drcl/4ws_robot_ros2/install/four_ws_description/share/four_ws_description/urdf/four_ws.urdf
-- Up-to-date: /home/drcl/Desktop/drcl/4ws_robot_ros2/install/four_ws_description/share/four_ws_description/worlds
-- Up-to-date: /home/drcl/Desktop/drcl/4ws_robot_ros2/install/four_ws_description/share/four_ws_description/worlds/4ws_world.model
-- Up-to-date: /home/drcl/Desktop/drcl/4ws_robot_ros2/install/four_ws_description/share/four_ws_description/map
-- Up-to-date: /home/drcl/Desktop/drcl/4ws_robot_ros2/install/four_ws_description/share/four_ws_description/map/office.data
-- Up-to-date: /home/drcl/Desktop/drcl/4ws_robot_ros2/install/four_ws_description/share/four_ws_description/map/office.pgm
-- Up-to-date: /home/drcl/Desktop/drcl/4ws_robot_ros2/install/four_ws_description/share/four_ws_description/map/office.yaml
-- Up-to-date: /home/drcl/Desktop/drcl/4ws_robot_ros2/install/four_ws_description/share/four_ws_description/map/office.posegraph
-- Up-to-date: /home/drcl/Desktop/drcl/4ws_robot_ros2/install/four_ws_description/share/ament_index/resource_index/package_run_dependencies/four_ws_description
-- Up-to-date: /home/drcl/Desktop/drcl/4ws_robot_ros2/install/four_ws_description/share/ament_index/resource_index/parent_prefix_path/four_ws_description
-- Up-to-date: /home/drcl/Desktop/drcl/4ws_robot_ros2/install/four_ws_description/share/four_ws_description/environment/ament_prefix_path.sh
-- Up-to-date: /home/drcl/Desktop/drcl/4ws_robot_ros2/install/four_ws_description/share/four_ws_description/environment/ament_prefix_path.dsv
-- Up-to-date: /home/drcl/Desktop/drcl/4ws_robot_ros2/install/four_ws_description/share/four_ws_description/environment/path.sh
-- Up-to-date: /home/drcl/Desktop/drcl/4ws_robot_ros2/install/four_ws_description/share/four_ws_description/environment/path.dsv
-- Up-to-date: /home/drcl/Desktop/drcl/4ws_robot_ros2/install/four_ws_description/share/four_ws_description/local_setup.bash
-- Up-to-date: /home/drcl/Desktop/drcl/4ws_robot_ros2/install/four_ws_description/share/four_ws_description/local_setup.sh
-- Up-to-date: /home/drcl/Desktop/drcl/4ws_robot_ros2/install/four_ws_description/share/four_ws_description/local_setup.zsh
-- Up-to-date: /home/drcl/Desktop/drcl/4ws_robot_ros2/install/four_ws_description/share/four_ws_description/local_setup.dsv
-- Installing: /home/drcl/Desktop/drcl/4ws_robot_ros2/install/four_ws_description/share/four_ws_description/package.dsv
-- Up-to-date: /home/drcl/Desktop/drcl/4ws_robot_ros2/install/four_ws_description/share/ament_index/resource_index/packages/four_ws_description
-- Up-to-date: /home/drcl/Desktop/drcl/4ws_robot_ros2/install/four_ws_description/share/four_ws_description/cmake/four_ws_descriptionConfig.cmake
-- Up-to-date: /home/drcl/Desktop/drcl/4ws_robot_ros2/install/four_ws_description/share/four_ws_description/cmake/four_ws_descriptionConfig-version.cmake
-- Up-to-date: /home/drcl/Desktop/drcl/4ws_robot_ros2/install/four_ws_description/share/four_ws_description/package.xml
