[0.007s] Invoking command in '/home/drcl/Desktop/drcl/4ws_robot_ros2/build/four_ws_control': CMAKE_PREFIX_PATH=/home/drcl/Desktop/drcl/4ws_robot_ros2/install/dynamixel_hardware:/home/drcl/Desktop/drcl/4ws_robot_ros2/install/four_ws_description:/home/drcl/Desktop/drcl/4ws_robot_ros2/install/four_ws_control:/opt/ros/humble FZF_DEFAULT_OPTS=
    --color fg:-1,bg:-1,hl:196,fg+:254,bg+:239,hl+:040
    --color info:226,prompt:226,pointer:196,marker:254,spinner:226
    --preview 'file {}'
    --preview-window down:1 /usr/bin/cmake --build /home/drcl/Desktop/drcl/4ws_robot_ros2/build/four_ws_control -- -j16 -l16
[0.033s] Invoked command in '/home/drcl/Desktop/drcl/4ws_robot_ros2/build/four_ws_control' returned '0': CMAKE_PREFIX_PATH=/home/drcl/Desktop/drcl/4ws_robot_ros2/install/dynamixel_hardware:/home/drcl/Desktop/drcl/4ws_robot_ros2/install/four_ws_description:/home/drcl/Desktop/drcl/4ws_robot_ros2/install/four_ws_control:/opt/ros/humble FZF_DEFAULT_OPTS=
    --color fg:-1,bg:-1,hl:196,fg+:254,bg+:239,hl+:040
    --color info:226,prompt:226,pointer:196,marker:254,spinner:226
    --preview 'file {}'
    --preview-window down:1 /usr/bin/cmake --build /home/drcl/Desktop/drcl/4ws_robot_ros2/build/four_ws_control -- -j16 -l16
[0.048s] Invoking command in '/home/drcl/Desktop/drcl/4ws_robot_ros2/build/four_ws_control': CMAKE_PREFIX_PATH=/home/drcl/Desktop/drcl/4ws_robot_ros2/install/dynamixel_hardware:/home/drcl/Desktop/drcl/4ws_robot_ros2/install/four_ws_description:/home/drcl/Desktop/drcl/4ws_robot_ros2/install/four_ws_control:/opt/ros/humble FZF_DEFAULT_OPTS=
    --color fg:-1,bg:-1,hl:196,fg+:254,bg+:239,hl+:040
    --color info:226,prompt:226,pointer:196,marker:254,spinner:226
    --preview 'file {}'
    --preview-window down:1 /usr/bin/cmake --install /home/drcl/Desktop/drcl/4ws_robot_ros2/build/four_ws_control
[0.053s] -- Install configuration: ""
[0.053s] -- Up-to-date: /home/drcl/Desktop/drcl/4ws_robot_ros2/install/four_ws_control/share/four_ws_control//scripts
[0.053s] -- Up-to-date: /home/drcl/Desktop/drcl/4ws_robot_ros2/install/four_ws_control/share/four_ws_control//scripts/four_ws_control.py
[0.053s] -- Up-to-date: /home/drcl/Desktop/drcl/4ws_robot_ros2/install/four_ws_control/share/four_ws_control//scripts/joystic_test.py
[0.053s] -- Up-to-date: /home/drcl/Desktop/drcl/4ws_robot_ros2/install/four_ws_control/share/four_ws_control//launch
[0.053s] -- Up-to-date: /home/drcl/Desktop/drcl/4ws_robot_ros2/install/four_ws_control/share/four_ws_control//launch/four_ws_control.launch.py
[0.054s] -- Up-to-date: /home/drcl/Desktop/drcl/4ws_robot_ros2/install/four_ws_control/lib/four_ws_control/four_ws_control.py
[0.054s] -- Up-to-date: /home/drcl/Desktop/drcl/4ws_robot_ros2/install/four_ws_control/lib/four_ws_control/four_ws_control.launch.py
[0.054s] -- Up-to-date: /home/drcl/Desktop/drcl/4ws_robot_ros2/install/four_ws_control/share/ament_index/resource_index/package_run_dependencies/four_ws_control
[0.054s] -- Up-to-date: /home/drcl/Desktop/drcl/4ws_robot_ros2/install/four_ws_control/share/ament_index/resource_index/parent_prefix_path/four_ws_control
[0.054s] -- Up-to-date: /home/drcl/Desktop/drcl/4ws_robot_ros2/install/four_ws_control/share/four_ws_control/environment/ament_prefix_path.sh
[0.054s] -- Up-to-date: /home/drcl/Desktop/drcl/4ws_robot_ros2/install/four_ws_control/share/four_ws_control/environment/ament_prefix_path.dsv
[0.054s] -- Up-to-date: /home/drcl/Desktop/drcl/4ws_robot_ros2/install/four_ws_control/share/four_ws_control/environment/path.sh
[0.054s] -- Up-to-date: /home/drcl/Desktop/drcl/4ws_robot_ros2/install/four_ws_control/share/four_ws_control/environment/path.dsv
[0.054s] -- Up-to-date: /home/drcl/Desktop/drcl/4ws_robot_ros2/install/four_ws_control/share/four_ws_control/local_setup.bash
[0.054s] -- Up-to-date: /home/drcl/Desktop/drcl/4ws_robot_ros2/install/four_ws_control/share/four_ws_control/local_setup.sh
[0.054s] -- Up-to-date: /home/drcl/Desktop/drcl/4ws_robot_ros2/install/four_ws_control/share/four_ws_control/local_setup.zsh
[0.054s] -- Up-to-date: /home/drcl/Desktop/drcl/4ws_robot_ros2/install/four_ws_control/share/four_ws_control/local_setup.dsv
[0.054s] -- Installing: /home/drcl/Desktop/drcl/4ws_robot_ros2/install/four_ws_control/share/four_ws_control/package.dsv
[0.054s] -- Up-to-date: /home/drcl/Desktop/drcl/4ws_robot_ros2/install/four_ws_control/share/ament_index/resource_index/packages/four_ws_control
[0.054s] -- Up-to-date: /home/drcl/Desktop/drcl/4ws_robot_ros2/install/four_ws_control/share/four_ws_control/cmake/four_ws_controlConfig.cmake
[0.054s] -- Up-to-date: /home/drcl/Desktop/drcl/4ws_robot_ros2/install/four_ws_control/share/four_ws_control/cmake/four_ws_controlConfig-version.cmake
[0.054s] -- Up-to-date: /home/drcl/Desktop/drcl/4ws_robot_ros2/install/four_ws_control/share/four_ws_control/package.xml
[0.056s] Invoked command in '/home/drcl/Desktop/drcl/4ws_robot_ros2/build/four_ws_control' returned '0': CMAKE_PREFIX_PATH=/home/drcl/Desktop/drcl/4ws_robot_ros2/install/dynamixel_hardware:/home/drcl/Desktop/drcl/4ws_robot_ros2/install/four_ws_description:/home/drcl/Desktop/drcl/4ws_robot_ros2/install/four_ws_control:/opt/ros/humble FZF_DEFAULT_OPTS=
    --color fg:-1,bg:-1,hl:196,fg+:254,bg+:239,hl+:040
    --color info:226,prompt:226,pointer:196,marker:254,spinner:226
    --preview 'file {}'
    --preview-window down:1 /usr/bin/cmake --install /home/drcl/Desktop/drcl/4ws_robot_ros2/build/four_ws_control
