[0.016s] Invoking command in '/home/drcl/Desktop/drcl/4ws_robot_ros2/build/dynamixel_hardware': CMAKE_PREFIX_PATH=/opt/ros/humble FZF_DEFAULT_OPTS=
    --color fg:-1,bg:-1,hl:196,fg+:254,bg+:239,hl+:040
    --color info:226,prompt:226,pointer:196,marker:254,spinner:226
    --preview 'file {}'
    --preview-window down:1 /usr/bin/cmake /home/drcl/Desktop/drcl/4ws_robot_ros2/src/dynamixel_hwi -DCMAKE_INSTALL_PREFIX=/home/drcl/Desktop/drcl/4ws_robot_ros2/install/dynamixel_hardware
[0.083s] -- The C compiler identification is GNU 11.4.0
[0.139s] -- The CXX compiler identification is GNU 11.4.0
[0.145s] -- Detecting C compiler ABI info
[0.188s] -- Detecting C compiler ABI info - done
[0.193s] -- Check for working C compiler: /usr/bin/cc - skipped
[0.193s] -- Detecting C compile features
[0.194s] -- Detecting C compile features - done
[0.196s] -- Detecting CXX compiler ABI info
[0.245s] -- Detecting CXX compiler ABI info - done
[0.250s] -- Check for working CXX compiler: /usr/bin/c++ - skipped
[0.251s] -- Detecting CXX compile features
[0.251s] -- Detecting CXX compile features - done
[0.254s] -- Found ament_cmake: 1.3.5 (/opt/ros/humble/share/ament_cmake/cmake)
[0.364s] -- Found Python3: /usr/bin/python3.10 (found version "3.10.12") found components: Interpreter 
[0.429s] -- Found rclcpp: 16.0.5 (/opt/ros/humble/share/rclcpp/cmake)
[0.458s] -- Found rosidl_generator_c: 3.1.5 (/opt/ros/humble/share/rosidl_generator_c/cmake)
[0.462s] -- Found rosidl_adapter: 3.1.5 (/opt/ros/humble/share/rosidl_adapter/cmake)
[0.469s] -- Found rosidl_generator_cpp: 3.1.5 (/opt/ros/humble/share/rosidl_generator_cpp/cmake)
[0.482s] -- Using all available rosidl_typesupport_c: rosidl_typesupport_fastrtps_c;rosidl_typesupport_introspection_c
[0.497s] -- Using all available rosidl_typesupport_cpp: rosidl_typesupport_fastrtps_cpp;rosidl_typesupport_introspection_cpp
[0.553s] -- Found rmw_implementation_cmake: 6.1.1 (/opt/ros/humble/share/rmw_implementation_cmake/cmake)
[0.556s] -- Found rmw_fastrtps_cpp: 6.2.3 (/opt/ros/humble/share/rmw_fastrtps_cpp/cmake)
[0.624s] -- Found OpenSSL: /usr/lib/x86_64-linux-gnu/libcrypto.so (found version "3.0.2")  
[0.642s] -- Found FastRTPS: /opt/ros/humble/include  
[0.671s] -- Using RMW implementation 'rmw_fastrtps_cpp' as default
[0.679s] -- Looking for pthread.h
[0.728s] -- Looking for pthread.h - found
[0.728s] -- Performing Test CMAKE_HAVE_LIBC_PTHREAD
[0.769s] -- Performing Test CMAKE_HAVE_LIBC_PTHREAD - Success
[0.770s] -- Found Threads: TRUE  
[0.876s] -- Found rclcpp_lifecycle: 16.0.5 (/opt/ros/humble/share/rclcpp_lifecycle/cmake)
[0.904s] -- Found hardware_interface: 2.29.0 (/opt/ros/humble/share/hardware_interface/cmake)
[1.244s] -- Found dynamixel_workbench_toolbox: 2.2.3 (/opt/ros/humble/share/dynamixel_workbench_toolbox/cmake)
[1.285s] -- Found ament_lint_auto: 0.12.7 (/opt/ros/humble/share/ament_lint_auto/cmake)
[1.336s] -- Added test 'copyright' to check source files copyright and LICENSE
[1.337s] -- Added test 'cppcheck' to perform static code analysis on C / C++ code
[1.337s] -- Configured cppcheck include dirs: /home/drcl/Desktop/drcl/4ws_robot_ros2/src/dynamixel_hwi/include
[1.337s] -- Configured cppcheck exclude dirs and/or files: 
[1.337s] -- Added test 'cpplint' to check C / C++ code against the Google style
[1.337s] -- Configured cpplint exclude dirs and/or files: 
[1.338s] -- Added test 'lint_cmake' to check CMake code style
[1.338s] -- Added test 'uncrustify' to check C / C++ code style
[1.338s] -- Configured uncrustify additional arguments: 
[1.339s] -- Added test 'xmllint' to check XML markup files
[1.340s] -- Configuring done
[1.372s] -- Generating done
[1.373s] -- Build files have been written to: /home/drcl/Desktop/drcl/4ws_robot_ros2/build/dynamixel_hardware
[1.379s] Invoked command in '/home/drcl/Desktop/drcl/4ws_robot_ros2/build/dynamixel_hardware' returned '0': CMAKE_PREFIX_PATH=/opt/ros/humble FZF_DEFAULT_OPTS=
    --color fg:-1,bg:-1,hl:196,fg+:254,bg+:239,hl+:040
    --color info:226,prompt:226,pointer:196,marker:254,spinner:226
    --preview 'file {}'
    --preview-window down:1 /usr/bin/cmake /home/drcl/Desktop/drcl/4ws_robot_ros2/src/dynamixel_hwi -DCMAKE_INSTALL_PREFIX=/home/drcl/Desktop/drcl/4ws_robot_ros2/install/dynamixel_hardware
[1.381s] Invoking command in '/home/drcl/Desktop/drcl/4ws_robot_ros2/build/dynamixel_hardware': CMAKE_PREFIX_PATH=/opt/ros/humble FZF_DEFAULT_OPTS=
    --color fg:-1,bg:-1,hl:196,fg+:254,bg+:239,hl+:040
    --color info:226,prompt:226,pointer:196,marker:254,spinner:226
    --preview 'file {}'
    --preview-window down:1 /usr/bin/cmake --build /home/drcl/Desktop/drcl/4ws_robot_ros2/build/dynamixel_hardware -- -j16 -l16
[1.410s] [ 50%] [32mBuilding CXX object CMakeFiles/dynamixel_hardware.dir/src/dynamixel_hardware.cpp.o[0m
[3.825s] [100%] [32m[1mLinking CXX shared library libdynamixel_hardware.so[0m
[3.953s] [100%] Built target dynamixel_hardware
[3.961s] Invoked command in '/home/drcl/Desktop/drcl/4ws_robot_ros2/build/dynamixel_hardware' returned '0': CMAKE_PREFIX_PATH=/opt/ros/humble FZF_DEFAULT_OPTS=
    --color fg:-1,bg:-1,hl:196,fg+:254,bg+:239,hl+:040
    --color info:226,prompt:226,pointer:196,marker:254,spinner:226
    --preview 'file {}'
    --preview-window down:1 /usr/bin/cmake --build /home/drcl/Desktop/drcl/4ws_robot_ros2/build/dynamixel_hardware -- -j16 -l16
[3.978s] Invoking command in '/home/drcl/Desktop/drcl/4ws_robot_ros2/build/dynamixel_hardware': CMAKE_PREFIX_PATH=/opt/ros/humble FZF_DEFAULT_OPTS=
    --color fg:-1,bg:-1,hl:196,fg+:254,bg+:239,hl+:040
    --color info:226,prompt:226,pointer:196,marker:254,spinner:226
    --preview 'file {}'
    --preview-window down:1 /usr/bin/cmake --install /home/drcl/Desktop/drcl/4ws_robot_ros2/build/dynamixel_hardware
[3.983s] -- Install configuration: ""
[3.983s] -- Installing: /home/drcl/Desktop/drcl/4ws_robot_ros2/install/dynamixel_hardware/share/dynamixel_hardware/dynamixel_hardware.xml
[3.983s] -- Installing: /home/drcl/Desktop/drcl/4ws_robot_ros2/install/dynamixel_hardware/lib/libdynamixel_hardware.so
[3.984s] -- Set runtime path of "/home/drcl/Desktop/drcl/4ws_robot_ros2/install/dynamixel_hardware/lib/libdynamixel_hardware.so" to ""
[3.984s] -- Installing: /home/drcl/Desktop/drcl/4ws_robot_ros2/install/dynamixel_hardware/include
[3.984s] -- Installing: /home/drcl/Desktop/drcl/4ws_robot_ros2/install/dynamixel_hardware/include/dynamixel_hardware
[3.984s] -- Installing: /home/drcl/Desktop/drcl/4ws_robot_ros2/install/dynamixel_hardware/include/dynamixel_hardware/visiblity_control.h
[3.984s] -- Installing: /home/drcl/Desktop/drcl/4ws_robot_ros2/install/dynamixel_hardware/include/dynamixel_hardware/dynamixel_hardware.hpp
[3.984s] -- Installing: /home/drcl/Desktop/drcl/4ws_robot_ros2/install/dynamixel_hardware/share/dynamixel_hardware/environment/library_path.sh
[3.984s] -- Installing: /home/drcl/Desktop/drcl/4ws_robot_ros2/install/dynamixel_hardware/share/dynamixel_hardware/environment/library_path.dsv
[3.984s] -- Installing: /home/drcl/Desktop/drcl/4ws_robot_ros2/install/dynamixel_hardware/share/ament_index/resource_index/package_run_dependencies/dynamixel_hardware
[3.984s] -- Installing: /home/drcl/Desktop/drcl/4ws_robot_ros2/install/dynamixel_hardware/share/ament_index/resource_index/parent_prefix_path/dynamixel_hardware
[3.984s] -- Installing: /home/drcl/Desktop/drcl/4ws_robot_ros2/install/dynamixel_hardware/share/dynamixel_hardware/environment/ament_prefix_path.sh
[3.984s] -- Installing: /home/drcl/Desktop/drcl/4ws_robot_ros2/install/dynamixel_hardware/share/dynamixel_hardware/environment/ament_prefix_path.dsv
[3.984s] -- Installing: /home/drcl/Desktop/drcl/4ws_robot_ros2/install/dynamixel_hardware/share/dynamixel_hardware/environment/path.sh
[3.984s] -- Installing: /home/drcl/Desktop/drcl/4ws_robot_ros2/install/dynamixel_hardware/share/dynamixel_hardware/environment/path.dsv
[3.984s] -- Installing: /home/drcl/Desktop/drcl/4ws_robot_ros2/install/dynamixel_hardware/share/dynamixel_hardware/local_setup.bash
[3.985s] -- Installing: /home/drcl/Desktop/drcl/4ws_robot_ros2/install/dynamixel_hardware/share/dynamixel_hardware/local_setup.sh
[3.985s] -- Installing: /home/drcl/Desktop/drcl/4ws_robot_ros2/install/dynamixel_hardware/share/dynamixel_hardware/local_setup.zsh
[3.985s] -- Installing: /home/drcl/Desktop/drcl/4ws_robot_ros2/install/dynamixel_hardware/share/dynamixel_hardware/local_setup.dsv
[3.985s] -- Installing: /home/drcl/Desktop/drcl/4ws_robot_ros2/install/dynamixel_hardware/share/dynamixel_hardware/package.dsv
[3.985s] -- Installing: /home/drcl/Desktop/drcl/4ws_robot_ros2/install/dynamixel_hardware/share/ament_index/resource_index/packages/dynamixel_hardware
[3.985s] -- Installing: /home/drcl/Desktop/drcl/4ws_robot_ros2/install/dynamixel_hardware/share/ament_index/resource_index/hardware_interface__pluginlib__plugin/dynamixel_hardware
[3.985s] -- Installing: /home/drcl/Desktop/drcl/4ws_robot_ros2/install/dynamixel_hardware/share/dynamixel_hardware/cmake/ament_cmake_export_include_directories-extras.cmake
[3.985s] -- Installing: /home/drcl/Desktop/drcl/4ws_robot_ros2/install/dynamixel_hardware/share/dynamixel_hardware/cmake/ament_cmake_export_libraries-extras.cmake
[3.985s] -- Installing: /home/drcl/Desktop/drcl/4ws_robot_ros2/install/dynamixel_hardware/share/dynamixel_hardware/cmake/ament_cmake_export_dependencies-extras.cmake
[3.985s] -- Installing: /home/drcl/Desktop/drcl/4ws_robot_ros2/install/dynamixel_hardware/share/dynamixel_hardware/cmake/dynamixel_hardwareConfig.cmake
[3.985s] -- Installing: /home/drcl/Desktop/drcl/4ws_robot_ros2/install/dynamixel_hardware/share/dynamixel_hardware/cmake/dynamixel_hardwareConfig-version.cmake
[3.985s] -- Installing: /home/drcl/Desktop/drcl/4ws_robot_ros2/install/dynamixel_hardware/share/dynamixel_hardware/package.xml
[3.987s] Invoked command in '/home/drcl/Desktop/drcl/4ws_robot_ros2/build/dynamixel_hardware' returned '0': CMAKE_PREFIX_PATH=/opt/ros/humble FZF_DEFAULT_OPTS=
    --color fg:-1,bg:-1,hl:196,fg+:254,bg+:239,hl+:040
    --color info:226,prompt:226,pointer:196,marker:254,spinner:226
    --preview 'file {}'
    --preview-window down:1 /usr/bin/cmake --install /home/drcl/Desktop/drcl/4ws_robot_ros2/build/dynamixel_hardware
